Unity Editor version:    2022.3.4f1 (35713cd46cd7)
Branch:                  2022.3/staging
Build type:              Release
Batch mode:              YES
macOS version:           Version 13.2.1 (Build 22D68)
Darwin version:          22.3.0
Architecture:            x86_64
Running under Rosetta:   NO
Available memory:        16384 MB
Using pre-set license
Pro License: YES

COMMAND LINE ARGUMENTS:
/Applications/Unity/Hub/Editor/2022.3.4f1/Unity.app/Contents/MacOS/Unity
-adb2
-batchMode
-noUpm
-name
AssetImportWorker0
-projectPath
/Users/matthewburton/Documents/GitHub/PipSpin/LineSpin
-logFile
Logs/AssetImportWorker0.log
-srvPort
51462
Successfully changed project path to: /Users/matthewburton/Documents/GitHub/PipSpin/LineSpin
/Users/matthewburton/Documents/GitHub/PipSpin/LineSpin
[UnityMemory] Configuration Parameters - Can be set up in boot.config
    "memorysetup-bucket-allocator-granularity=16"
    "memorysetup-bucket-allocator-bucket-count=8"
    "memorysetup-bucket-allocator-block-size=33554432"
    "memorysetup-bucket-allocator-block-count=8"
    "memorysetup-main-allocator-block-size=16777216"
    "memorysetup-thread-allocator-block-size=16777216"
    "memorysetup-gfx-main-allocator-block-size=16777216"
    "memorysetup-gfx-thread-allocator-block-size=16777216"
    "memorysetup-cache-allocator-block-size=4194304"
    "memorysetup-typetree-allocator-block-size=2097152"
    "memorysetup-profiler-bucket-allocator-granularity=16"
    "memorysetup-profiler-bucket-allocator-bucket-count=8"
    "memorysetup-profiler-bucket-allocator-block-size=33554432"
    "memorysetup-profiler-bucket-allocator-block-count=8"
    "memorysetup-profiler-allocator-block-size=16777216"
    "memorysetup-profiler-editor-allocator-block-size=1048576"
    "memorysetup-temp-allocator-size-main=16777216"
    "memorysetup-job-temp-allocator-block-size=2097152"
    "memorysetup-job-temp-allocator-block-size-background=1048576"
    "memorysetup-job-temp-allocator-reduction-small-platforms=262144"
    "memorysetup-allocator-temp-initial-block-size-main=262144"
    "memorysetup-allocator-temp-initial-block-size-worker=262144"
    "memorysetup-temp-allocator-size-background-worker=32768"
    "memorysetup-temp-allocator-size-job-worker=262144"
    "memorysetup-temp-allocator-size-preload-manager=33554432"
    "memorysetup-temp-allocator-size-nav-mesh-worker=65536"
    "memorysetup-temp-allocator-size-audio-worker=65536"
    "memorysetup-temp-allocator-size-cloud-worker=32768"
    "memorysetup-temp-allocator-size-gi-baking-worker=262144"
    "memorysetup-temp-allocator-size-gfx=262144"
Player connection [140704594531968] Host "[IP] 192.168.13.185 [Port] 0 [Flags] 2 [Guid] 3227119544 [EditorId] 3227119544 [Version] 1048832 [Id] OSXEditor(0,MBurton.local) [Debug] 1 [PackageName] OSXEditor [ProjectName] Editor" joined multi-casting on [225.0.0.222:54997]...

Player connection [140704594531968] Host "[IP] 192.168.13.185 [Port] 0 [Flags] 2 [Guid] 3227119544 [EditorId] 3227119544 [Version] 1048832 [Id] OSXEditor(0,MBurton.local) [Debug] 1 [PackageName] OSXEditor [ProjectName] Editor" joined alternative multi-casting on [225.0.0.222:34997]...

Refreshing native plugins compatible for Editor in 0.01 ms, found 0 plugins.
Preloading 0 native plugins for Editor in 0.00 ms.
Initialize engine version: 2022.3.4f1 (35713cd46cd7)
[Subsystems] Discovering subsystems at path /Applications/Unity/Hub/Editor/2022.3.4f1/Unity.app/Contents/Resources/UnitySubsystems
[Subsystems] Discovering subsystems at path /Users/matthewburton/Documents/GitHub/PipSpin/LineSpin/Assets
GfxDevice: creating device client; threaded=0; jobified=0
Color LCD preferred device: AMD Radeon Pro 5300M (high power)
Metal devices available: 2
0: AMD Radeon Pro 5300M (high power)
1: Intel(R) UHD Graphics 630 (low power)
Using device AMD Radeon Pro 5300M (high power)
Initializing Metal device caps: AMD Radeon Pro 5300M
Initialize mono
Mono path[0] = '/Applications/Unity/Hub/Editor/2022.3.4f1/Unity.app/Contents/Managed'
Mono path[1] = '/Applications/Unity/Hub/Editor/2022.3.4f1/Unity.app/Contents/MonoBleedingEdge/lib/mono/unityjit-macos'
Mono config path = '/Applications/Unity/Hub/Editor/2022.3.4f1/Unity.app/Contents/MonoBleedingEdge/etc'
Using monoOptions --debugger-agent=transport=dt_socket,embedding=1,server=y,suspend=n,address=127.0.0.1:56298
Begin MonoManager ReloadAssembly
Registering precompiled unity dll's ...
Register platform support module: /Applications/Unity/Hub/Editor/2022.3.4f1/Unity.app/Contents/PlaybackEngines/MacStandaloneSupport/UnityEditor.OSXStandalone.Extensions.dll
Registered in 0.001430 seconds.
- Loaded All Assemblies, in  0.450 seconds
Native extension for OSXStandalone target not found
Mono: successfully reloaded assembly
- Finished resetting the current domain, in  0.335 seconds
Domain Reload Profiling: 785ms
	BeginReloadAssembly (123ms)
		ExecutionOrderSort (0ms)
		DisableScriptedObjects (0ms)
		BackupInstance (0ms)
		ReleaseScriptingObjects (0ms)
		CreateAndSetChildDomain (1ms)
	RebuildCommonClasses (47ms)
	RebuildNativeTypeToScriptingClass (13ms)
	initialDomainReloadingComplete (57ms)
	LoadAllAssembliesAndSetupDomain (210ms)
		LoadAssemblies (121ms)
		RebuildTransferFunctionScriptingTraits (0ms)
		AnalyzeDomain (207ms)
			TypeCache.Refresh (206ms)
				TypeCache.ScanAssembly (188ms)
			ScanForSourceGeneratedMonoScriptInfo (0ms)
			ResolveRequiredComponents (1ms)
	FinalizeReload (336ms)
		ReleaseScriptCaches (0ms)
		RebuildScriptCaches (0ms)
		SetupLoadedEditorAssemblies (250ms)
			LogAssemblyErrors (0ms)
			InitializePlatformSupportModulesInManaged (9ms)
			SetLoadedEditorAssemblies (10ms)
			RefreshPlugins (0ms)
			BeforeProcessingInitializeOnLoad (3ms)
			ProcessInitializeOnLoadAttributes (161ms)
			ProcessInitializeOnLoadMethodAttributes (66ms)
			AfterProcessingInitializeOnLoad (0ms)
			EditorAssembliesLoaded (0ms)
		ExecutionOrderSort2 (0ms)
		AwakeInstancesAfterBackupRestoration (0ms)
========================================================================
Worker process is ready to serve import requests
Begin MonoManager ReloadAssembly
- Loaded All Assemblies, in  0.427 seconds
Refreshing native plugins compatible for Editor in 0.00 ms, found 0 plugins.
Native extension for OSXStandalone target not found
Mono: successfully reloaded assembly
- Finished resetting the current domain, in  0.383 seconds
Domain Reload Profiling: 810ms
	BeginReloadAssembly (152ms)
		ExecutionOrderSort (0ms)
		DisableScriptedObjects (7ms)
		BackupInstance (0ms)
		ReleaseScriptingObjects (0ms)
		CreateAndSetChildDomain (31ms)
	RebuildCommonClasses (60ms)
	RebuildNativeTypeToScriptingClass (17ms)
	initialDomainReloadingComplete (28ms)
	LoadAllAssembliesAndSetupDomain (169ms)
		LoadAssemblies (77ms)
		RebuildTransferFunctionScriptingTraits (0ms)
		AnalyzeDomain (166ms)
			TypeCache.Refresh (165ms)
				TypeCache.ScanAssembly (155ms)
			ScanForSourceGeneratedMonoScriptInfo (0ms)
			ResolveRequiredComponents (0ms)
	FinalizeReload (384ms)
		ReleaseScriptCaches (0ms)
		RebuildScriptCaches (0ms)
		SetupLoadedEditorAssemblies (198ms)
			LogAssemblyErrors (0ms)
			InitializePlatformSupportModulesInManaged (5ms)
			SetLoadedEditorAssemblies (8ms)
			RefreshPlugins (0ms)
			BeforeProcessingInitializeOnLoad (27ms)
			ProcessInitializeOnLoadAttributes (134ms)
			ProcessInitializeOnLoadMethodAttributes (21ms)
			AfterProcessingInitializeOnLoad (2ms)
			EditorAssembliesLoaded (0ms)
		ExecutionOrderSort2 (0ms)
		AwakeInstancesAfterBackupRestoration (5ms)
Launching external process: /Applications/Unity/Hub/Editor/2022.3.4f1/Unity.app/Contents/Tools/UnityShaderCompiler
Launched and connected shader compiler UnityShaderCompiler after 0.09 seconds
Refreshing native plugins compatible for Editor in 0.00 ms, found 0 plugins.
Preloading 0 native plugins for Editor in 0.00 ms.
Unloading 38 Unused Serialized files (Serialized files now loaded: 0)
Unloading 3 unused Assets / (43.0 KB). Loaded Objects now: 509.
Memory consumption went from 47.5 MB to 47.4 MB.
Total: 2.597446 ms (FindLiveObjects: 0.048425 ms CreateObjectMapping: 0.006040 ms MarkObjects: 2.466532 ms  DeleteObjects: 0.075585 ms)

AssetImportParameters requested are different than current active one (requested -> active):
  custom:video-decoder-ogg-theora: a1e56fd34408186e4bbccfd4996cb3dc -> 
  custom:container-muxer-webm: aa71ff27fc2769a1b78a27578f13a17b -> 
  custom:container-demuxer-webm: 4f35f7cbe854078d1ac9338744f61a02 -> 
  custom:video-encoder-webm-vp8: eb34c28f22e8b96e1ab97ce403110664 -> 
  custom:framework-osx-AVFoundation: e770b220cccbd017edd2c1fefb359320 -> 
  custom:CustomObjectIndexerAttribute: 756ad292c208cfabdd7b50bc23989ffe -> 
  custom:audio-encoder-webm-vorbis: bf7c407c2cedff20999df2af8eb42d56 -> 
  custom:container-demuxer-ogg: 62fdf1f143b41e24485cea50d1cbac27 -> 
  custom:video-decoder-webm-vp8: 9c59270c3fd7afecdb556c50c9e8de78 -> 
  custom:audio-decoder-ogg-vorbis: bf7c407c2cedff20999df2af8eb42d56 -> 
  custom:AudioImporter_EditorPlatform: 3918e3fc78b5a79bad01e8451be0beb8 -> 
========================================================================
Received Import Request.
  Time since last request: 31401.943656 seconds.
  path: Assets/Animations/LineProjectileExpand.anim
  artifactKey: Guid(1bb04ceecc4f8c64f9e0161b763d1b61) Importer(2089858483,0ecaa5967403d082aa24f35e1b516d23)
Start importing Assets/Animations/LineProjectileExpand.anim using Guid(1bb04ceecc4f8c64f9e0161b763d1b61) Importer(2089858483,0ecaa5967403d082aa24f35e1b516d23)  -> (artifact id: '9d4a6fb8766b4b7076b21c607c5d4473') in 0.150992 seconds
Number of updated asset objects reloaded before import = 0
Number of asset objects unloaded after import = 1
========================================================================
Received Import Request.
  Time since last request: 0.000092 seconds.
  path: Assets/Animations/SquareExpand.anim
  artifactKey: Guid(4931eeea06b0d7342ac52f1aef4df77a) Importer(2089858483,0ecaa5967403d082aa24f35e1b516d23)
Start importing Assets/Animations/SquareExpand.anim using Guid(4931eeea06b0d7342ac52f1aef4df77a) Importer(2089858483,0ecaa5967403d082aa24f35e1b516d23)  -> (artifact id: '0598b4f4f82b730c99cccc13b19a7040') in 0.005655 seconds
Number of updated asset objects reloaded before import = 0
Number of asset objects unloaded after import = 1
========================================================================
Received Import Request.
  Time since last request: 0.000061 seconds.
  path: Assets/Animations/WhiteBG 1.controller
  artifactKey: Guid(42e26e2f1c85f714ba76a0307c893e03) Importer(2089858483,0ecaa5967403d082aa24f35e1b516d23)
Start importing Assets/Animations/WhiteBG 1.controller using Guid(42e26e2f1c85f714ba76a0307c893e03) Importer(2089858483,0ecaa5967403d082aa24f35e1b516d23)  -> (artifact id: 'a2d6cbd833289db8810251faacd24238') in 0.006599 seconds
Number of updated asset objects reloaded before import = 0
Number of asset objects unloaded after import = 4
========================================================================
Received Import Request.
  Time since last request: 0.000100 seconds.
  path: Assets/Animations/BGWhiteToPurple.anim
  artifactKey: Guid(f80d01e5057e0f547872402f39783589) Importer(2089858483,0ecaa5967403d082aa24f35e1b516d23)
Start importing Assets/Animations/BGWhiteToPurple.anim using Guid(f80d01e5057e0f547872402f39783589) Importer(2089858483,0ecaa5967403d082aa24f35e1b516d23)  -> (artifact id: '66b26d19c65224d7b8aa086884506f04') in 0.004610 seconds
Number of updated asset objects reloaded before import = 0
Number of asset objects unloaded after import = 1
========================================================================
Received Import Request.
  Time since last request: 0.000113 seconds.
  path: Assets/Animations/rojectile2.controller
  artifactKey: Guid(705136c834ceb4c4690da36d92c16c14) Importer(2089858483,0ecaa5967403d082aa24f35e1b516d23)
Start importing Assets/Animations/rojectile2.controller using Guid(705136c834ceb4c4690da36d92c16c14) Importer(2089858483,0ecaa5967403d082aa24f35e1b516d23)  -> (artifact id: '9950cb14c9e425179b3bd94a3925667d') in 0.003702 seconds
Number of updated asset objects reloaded before import = 0
Number of asset objects unloaded after import = 4
========================================================================
Received Import Request.
  Time since last request: 0.000102 seconds.
  path: Assets/Animations/UpperTab.controller
  artifactKey: Guid(0f4982754c06e2d4c89757dedf9499e2) Importer(2089858483,0ecaa5967403d082aa24f35e1b516d23)
Start importing Assets/Animations/UpperTab.controller using Guid(0f4982754c06e2d4c89757dedf9499e2) Importer(2089858483,0ecaa5967403d082aa24f35e1b516d23)  -> (artifact id: 'de04116ecc1dab64b38168ced17f40ef') in 0.005287 seconds
Number of updated asset objects reloaded before import = 0
Number of asset objects unloaded after import = 14
========================================================================
Received Import Request.
  Time since last request: 0.000075 seconds.
  path: Assets/Scenes/YellowLevel.unity
  artifactKey: Guid(7fa181b305f381c4aad400fdff8d709e) Importer(2089858483,0ecaa5967403d082aa24f35e1b516d23)
Start importing Assets/Scenes/YellowLevel.unity using Guid(7fa181b305f381c4aad400fdff8d709e) Importer(2089858483,0ecaa5967403d082aa24f35e1b516d23)  -> (artifact id: '2d38701c9bd29a0a80979887830347d5') in 0.001682 seconds
Number of updated asset objects reloaded before import = 0
Number of asset objects unloaded after import = 1
========================================================================
Received Import Request.
  Time since last request: 0.000131 seconds.
  path: Assets/Animations/LeftTabGoRight.anim
  artifactKey: Guid(68976240cfa7d7249b4d1ce83378abde) Importer(2089858483,0ecaa5967403d082aa24f35e1b516d23)
Start importing Assets/Animations/LeftTabGoRight.anim using Guid(68976240cfa7d7249b4d1ce83378abde) Importer(2089858483,0ecaa5967403d082aa24f35e1b516d23)  -> (artifact id: '8de0e19b40f0941875563cffeec7ab59') in 0.005377 seconds
Number of updated asset objects reloaded before import = 0
Number of asset objects unloaded after import = 1
========================================================================
Received Import Request.
  Time since last request: 0.000134 seconds.
  path: Assets/Animations/Projectile.controller
  artifactKey: Guid(48f7d6b466a5d124ea60cab0681c3703) Importer(2089858483,0ecaa5967403d082aa24f35e1b516d23)
Start importing Assets/Animations/Projectile.controller using Guid(48f7d6b466a5d124ea60cab0681c3703) Importer(2089858483,0ecaa5967403d082aa24f35e1b516d23)  -> (artifact id: '3fc9a75e80dab88f12c78f325f247174') in 0.002861 seconds
Number of updated asset objects reloaded before import = 0
Number of asset objects unloaded after import = 4
========================================================================
Received Import Request.
  Time since last request: 0.000156 seconds.
  path: Assets/Scripts/v2Menu.cs
  artifactKey: Guid(9fb2d2e5cb2c1de4ab02e1f3fb6b5ec6) Importer(2089858483,0ecaa5967403d082aa24f35e1b516d23)
Start importing Assets/Scripts/v2Menu.cs using Guid(9fb2d2e5cb2c1de4ab02e1f3fb6b5ec6) Importer(2089858483,0ecaa5967403d082aa24f35e1b516d23)  -> (artifact id: 'da3d024908d5a2a5f4fcd1af65b366d1') in 0.003908 seconds
Number of updated asset objects reloaded before import = 0
Number of asset objects unloaded after import = 1
========================================================================
Received Import Request.
  Time since last request: 0.000143 seconds.
  path: Assets/Animations/RightTabLeftIdle.anim
  artifactKey: Guid(a83e02d82d2ca7c4fa79756b8724c515) Importer(2089858483,0ecaa5967403d082aa24f35e1b516d23)
Start importing Assets/Animations/RightTabLeftIdle.anim using Guid(a83e02d82d2ca7c4fa79756b8724c515) Importer(2089858483,0ecaa5967403d082aa24f35e1b516d23)  -> (artifact id: '3bf110b128e24504790cd563d7612484') in 0.005174 seconds
Number of updated asset objects reloaded before import = 0
Number of asset objects unloaded after import = 1
========================================================================
Received Import Request.
  Time since last request: 0.000175 seconds.
  path: Assets/Animations/BGGreenIdle.anim
  artifactKey: Guid(945b45f1ed2fb4246b772f2a1bff61f4) Importer(2089858483,0ecaa5967403d082aa24f35e1b516d23)
Start importing Assets/Animations/BGGreenIdle.anim using Guid(945b45f1ed2fb4246b772f2a1bff61f4) Importer(2089858483,0ecaa5967403d082aa24f35e1b516d23)  -> (artifact id: '3a8ae598783bc38f9f1554602dea999f') in 0.004801 seconds
Number of updated asset objects reloaded before import = 0
Number of asset objects unloaded after import = 1
========================================================================
Received Import Request.
  Time since last request: 0.000155 seconds.
  path: Assets/Animations/Square.controller
  artifactKey: Guid(6dab8f3dd2ed3784ebf942035c4a76c1) Importer(2089858483,0ecaa5967403d082aa24f35e1b516d23)
Start importing Assets/Animations/Square.controller using Guid(6dab8f3dd2ed3784ebf942035c4a76c1) Importer(2089858483,0ecaa5967403d082aa24f35e1b516d23)  -> (artifact id: '70cadbd2ac47b0cd78b3990ccee7adff') in 0.003390 seconds
Number of updated asset objects reloaded before import = 0
Number of asset objects unloaded after import = 5
========================================================================
Received Import Request.
  Time since last request: 0.000111 seconds.
  path: Assets/Prefabs/PurpleLevelBall.prefab
  artifactKey: Guid(74b53e30fe135404981d0cf9d36439ec) Importer(2089858483,0ecaa5967403d082aa24f35e1b516d23)
Start importing Assets/Prefabs/PurpleLevelBall.prefab using Guid(74b53e30fe135404981d0cf9d36439ec) Importer(2089858483,0ecaa5967403d082aa24f35e1b516d23)  -> (artifact id: '186d6decb0237676af385b5b3ce180ad') in 0.023329 seconds
Number of updated asset objects reloaded before import = 0
Number of asset objects unloaded after import = 10
========================================================================
Received Import Request.
  Time since last request: 0.000075 seconds.
  path: Assets/Animations/LeftTabRightIdle.anim
  artifactKey: Guid(982ada1092b98ce4c8464847ed143b59) Importer(2089858483,0ecaa5967403d082aa24f35e1b516d23)
Start importing Assets/Animations/LeftTabRightIdle.anim using Guid(982ada1092b98ce4c8464847ed143b59) Importer(2089858483,0ecaa5967403d082aa24f35e1b516d23)  -> (artifact id: '75bc85b7450f135c0d06a6b6effb26d2') in 0.005955 seconds
Number of updated asset objects reloaded before import = 0
Number of asset objects unloaded after import = 1
========================================================================
Received Import Request.
  Time since last request: 0.000107 seconds.
  path: Assets/Animations/LineProjectile2Expand.anim
  artifactKey: Guid(d05939047bb820c44aa7bf1c84e3cbce) Importer(2089858483,0ecaa5967403d082aa24f35e1b516d23)
Start importing Assets/Animations/LineProjectile2Expand.anim using Guid(d05939047bb820c44aa7bf1c84e3cbce) Importer(2089858483,0ecaa5967403d082aa24f35e1b516d23)  -> (artifact id: 'd28fd6869b145cb737000b9c6ce2877e') in 0.003771 seconds
Number of updated asset objects reloaded before import = 0
Number of asset objects unloaded after import = 1
========================================================================
Received Import Request.
  Time since last request: 0.000094 seconds.
  path: Assets/Scenes/GameOver.unity
  artifactKey: Guid(77b1457b8bf0fec4790d0f2b359fa70c) Importer(2089858483,0ecaa5967403d082aa24f35e1b516d23)
Start importing Assets/Scenes/GameOver.unity using Guid(77b1457b8bf0fec4790d0f2b359fa70c) Importer(2089858483,0ecaa5967403d082aa24f35e1b516d23)  -> (artifact id: '29b760e05afdb86d18a291d5da8e6620') in 0.002174 seconds
Number of updated asset objects reloaded before import = 0
Number of asset objects unloaded after import = 1
========================================================================
Received Import Request.
  Time since last request: 0.000147 seconds.
  path: Assets/Animations/BGRedToBlack.anim
  artifactKey: Guid(2c791725ea703a74098babbb89ffa8cd) Importer(2089858483,0ecaa5967403d082aa24f35e1b516d23)
Start importing Assets/Animations/BGRedToBlack.anim using Guid(2c791725ea703a74098babbb89ffa8cd) Importer(2089858483,0ecaa5967403d082aa24f35e1b516d23)  -> (artifact id: '9674a27aae0274f23605d348509c0a53') in 0.004275 seconds
Number of updated asset objects reloaded before import = 0
Number of asset objects unloaded after import = 1
========================================================================
Received Import Request.
  Time since last request: 0.000155 seconds.
  path: Assets/Scenes/2CyanLevel 1.unity
  artifactKey: Guid(19a879c9b794a2749b082f10427a3cb1) Importer(2089858483,0ecaa5967403d082aa24f35e1b516d23)
Start importing Assets/Scenes/2CyanLevel 1.unity using Guid(19a879c9b794a2749b082f10427a3cb1) Importer(2089858483,0ecaa5967403d082aa24f35e1b516d23)  -> (artifact id: 'b225e0486930687b429d07a732a7cd56') in 0.001943 seconds
Number of updated asset objects reloaded before import = 0
Number of asset objects unloaded after import = 1
========================================================================
Received Import Request.
  Time since last request: 0.000083 seconds.
  path: Assets/Animations/YellowBG.controller
  artifactKey: Guid(f4d29754a5b8db147ac2d81b70cfabdd) Importer(2089858483,0ecaa5967403d082aa24f35e1b516d23)
Start importing Assets/Animations/YellowBG.controller using Guid(f4d29754a5b8db147ac2d81b70cfabdd) Importer(2089858483,0ecaa5967403d082aa24f35e1b516d23)  -> (artifact id: '1849aa2f9e88dec24aa9cc5cbeec774f') in 0.003916 seconds
Number of updated asset objects reloaded before import = 0
Number of asset objects unloaded after import = 4
========================================================================
Received Import Request.
  Time since last request: 0.000323 seconds.
  path: Assets/Animations/LowerTabDownIdle.anim
  artifactKey: Guid(7fd77344bd7fce944b846e2776bdb95e) Importer(2089858483,0ecaa5967403d082aa24f35e1b516d23)
Start importing Assets/Animations/LowerTabDownIdle.anim using Guid(7fd77344bd7fce944b846e2776bdb95e) Importer(2089858483,0ecaa5967403d082aa24f35e1b516d23)  -> (artifact id: '9acf10298dc19fd13bf5b104113ec4cc') in 0.004637 seconds
Number of updated asset objects reloaded before import = 0
Number of asset objects unloaded after import = 1
========================================================================
Received Import Request.
  Time since last request: 0.000142 seconds.
  path: Assets/Animations/WhiteBG.controller
  artifactKey: Guid(e02f309975ec7814186fdc741c22c675) Importer(2089858483,0ecaa5967403d082aa24f35e1b516d23)
Start importing Assets/Animations/WhiteBG.controller using Guid(e02f309975ec7814186fdc741c22c675) Importer(2089858483,0ecaa5967403d082aa24f35e1b516d23)  -> (artifact id: '988f8c93b185aec38f0e0be7e8a28694') in 0.007774 seconds
Number of updated asset objects reloaded before import = 0
Number of asset objects unloaded after import = 22
========================================================================
Received Import Request.
  Time since last request: 0.000108 seconds.
  path: Assets/Animations/TabDownIdle.anim
  artifactKey: Guid(56fc82b938b4cad4fbb6b6c28b24ff58) Importer(2089858483,0ecaa5967403d082aa24f35e1b516d23)
Start importing Assets/Animations/TabDownIdle.anim using Guid(56fc82b938b4cad4fbb6b6c28b24ff58) Importer(2089858483,0ecaa5967403d082aa24f35e1b516d23)  -> (artifact id: '9b4158ec02b5553383d741fec83c0f27') in 0.004642 seconds
Number of updated asset objects reloaded before import = 0
Number of asset objects unloaded after import = 1
========================================================================
Received Import Request.
  Time since last request: 0.000149 seconds.
  path: Assets/Scripts/ITakeDamage.cs
  artifactKey: Guid(a966b30dd3c077147a751cbda98222d7) Importer(2089858483,0ecaa5967403d082aa24f35e1b516d23)
Start importing Assets/Scripts/ITakeDamage.cs using Guid(a966b30dd3c077147a751cbda98222d7) Importer(2089858483,0ecaa5967403d082aa24f35e1b516d23)  -> (artifact id: '0565ee0d4d7dfa2ccc7f8d211a921414') in 0.002158 seconds
Number of updated asset objects reloaded before import = 0
Number of asset objects unloaded after import = 1
========================================================================
Received Import Request.
  Time since last request: 0.000159 seconds.
  path: Assets/Animations/RightTabGoLeft.anim
  artifactKey: Guid(0fa13601ab3382c4eb29b0c1e26e2a48) Importer(2089858483,0ecaa5967403d082aa24f35e1b516d23)
Start importing Assets/Animations/RightTabGoLeft.anim using Guid(0fa13601ab3382c4eb29b0c1e26e2a48) Importer(2089858483,0ecaa5967403d082aa24f35e1b516d23)  -> (artifact id: '40acac96b0000cad354bc030a275f376') in 0.005149 seconds
Number of updated asset objects reloaded before import = 0
Number of asset objects unloaded after import = 1
========================================================================
Received Import Request.
  Time since last request: 0.000106 seconds.
  path: Assets/Scenes/WhiteLevel.unity
  artifactKey: Guid(1218610753a464147a7b9941ebb6ff57) Importer(2089858483,0ecaa5967403d082aa24f35e1b516d23)
Start importing Assets/Scenes/WhiteLevel.unity using Guid(1218610753a464147a7b9941ebb6ff57) Importer(2089858483,0ecaa5967403d082aa24f35e1b516d23)  -> (artifact id: '7fd78634aeca79e89178cbcb8678992b') in 0.002524 seconds
Number of updated asset objects reloaded before import = 0
Number of asset objects unloaded after import = 1
========================================================================
Received Import Request.
  Time since last request: 0.000130 seconds.
  path: Assets/Prefabs/Slow2Projectile.prefab
  artifactKey: Guid(25d5777310098cc4d8e72fd97ac01698) Importer(2089858483,0ecaa5967403d082aa24f35e1b516d23)
Start importing Assets/Prefabs/Slow2Projectile.prefab using Guid(25d5777310098cc4d8e72fd97ac01698) Importer(2089858483,0ecaa5967403d082aa24f35e1b516d23)  -> (artifact id: '55db46850826396a81f86e8f47a536a0') in 0.013161 seconds
Number of updated asset objects reloaded before import = 0
Number of asset objects unloaded after import = 18
========================================================================
Received Import Request.
  Time since last request: 0.000057 seconds.
  path: Assets/Sounds/A.wav
  artifactKey: Guid(a36c0384d12fa954cbdc7dd8559f0ba7) Importer(2089858483,0ecaa5967403d082aa24f35e1b516d23)
Start importing Assets/Sounds/A.wav using Guid(a36c0384d12fa954cbdc7dd8559f0ba7) Importer(2089858483,0ecaa5967403d082aa24f35e1b516d23)  -> (artifact id: '5b8374afa7a9cda56fa4105f077dbbbe') in 0.058986 seconds
Number of updated asset objects reloaded before import = 0
Number of asset objects unloaded after import = 1
========================================================================
Received Import Request.
  Time since last request: 3.463431 seconds.
  path: Assets/Sounds/F.wav
  artifactKey: Guid(889180dda4f3f3e4998351e8a15dfdd5) Importer(2089858483,0ecaa5967403d082aa24f35e1b516d23)
Start importing Assets/Sounds/F.wav using Guid(889180dda4f3f3e4998351e8a15dfdd5) Importer(2089858483,0ecaa5967403d082aa24f35e1b516d23)  -> (artifact id: '4f46a59207d410be5829f861b1ddeaa4') in 0.061135 seconds
Number of updated asset objects reloaded before import = 0
Number of asset objects unloaded after import = 1
========================================================================
Received Import Request.
  Time since last request: 0.000100 seconds.
  path: Assets/Scenes/V2Levels/v3SPIN.unity
  artifactKey: Guid(2a1e0a32c374d02408f2c043150a1fa4) Importer(2089858483,0ecaa5967403d082aa24f35e1b516d23)
Start importing Assets/Scenes/V2Levels/v3SPIN.unity using Guid(2a1e0a32c374d02408f2c043150a1fa4) Importer(2089858483,0ecaa5967403d082aa24f35e1b516d23)  -> (artifact id: 'ba6fa07166ced0faccfcf87cf036e8a7') in 0.001799 seconds
Number of updated asset objects reloaded before import = 0
Number of asset objects unloaded after import = 1
========================================================================
Received Import Request.
  Time since last request: 0.000247 seconds.
  path: Assets/Scripts/Dispenser/BlueDispenser.cs
  artifactKey: Guid(65007531cfa92344e81eeca7c20fbb1e) Importer(2089858483,0ecaa5967403d082aa24f35e1b516d23)
Start importing Assets/Scripts/Dispenser/BlueDispenser.cs using Guid(65007531cfa92344e81eeca7c20fbb1e) Importer(2089858483,0ecaa5967403d082aa24f35e1b516d23)  -> (artifact id: '280920b08364efb0d1320e8c3b54b04d') in 0.002326 seconds
Number of updated asset objects reloaded before import = 0
Number of asset objects unloaded after import = 1
========================================================================
Received Import Request.
  Time since last request: 0.000177 seconds.
  path: Assets/Scenes/v1Levels/2MagentaLevel 1.unity
  artifactKey: Guid(5249c614a07354940a0198f9b6d8663c) Importer(2089858483,0ecaa5967403d082aa24f35e1b516d23)
Start importing Assets/Scenes/v1Levels/2MagentaLevel 1.unity using Guid(5249c614a07354940a0198f9b6d8663c) Importer(2089858483,0ecaa5967403d082aa24f35e1b516d23)  -> (artifact id: '26760485fe436fe62b4b70ccfe0e954a') in 0.002293 seconds
Number of updated asset objects reloaded before import = 0
Number of asset objects unloaded after import = 1
========================================================================
Received Import Request.
  Time since last request: 0.000160 seconds.
  path: Assets/Textures/Line3.png
  artifactKey: Guid(7a2bba5376bba58468a62d45476574bd) Importer(2089858483,0ecaa5967403d082aa24f35e1b516d23)
Start importing Assets/Textures/Line3.png using Guid(7a2bba5376bba58468a62d45476574bd) Importer(2089858483,0ecaa5967403d082aa24f35e1b516d23)  -> (artifact id: '5746236bbe7823b0c6965609e8754f3c') in 0.055539 seconds
Number of updated asset objects reloaded before import = 0
Number of asset objects unloaded after import = 3
========================================================================
Received Import Request.
  Time since last request: 0.000086 seconds.
  path: Assets/Textures/Square2.png
  artifactKey: Guid(0e9796d0c6f294744b39c982ffa8fe79) Importer(2089858483,0ecaa5967403d082aa24f35e1b516d23)
Start importing Assets/Textures/Square2.png using Guid(0e9796d0c6f294744b39c982ffa8fe79) Importer(2089858483,0ecaa5967403d082aa24f35e1b516d23)  -> (artifact id: '3cef11bc0404b44b2246094febab6eee') in 0.019644 seconds
Number of updated asset objects reloaded before import = 0
Number of asset objects unloaded after import = 3
========================================================================
Received Import Request.
  Time since last request: 0.000060 seconds.
  path: Assets/Scripts/Dispenser/GreenDispenser.cs
  artifactKey: Guid(860e549202a95cd408f31cc00d2e8494) Importer(2089858483,0ecaa5967403d082aa24f35e1b516d23)
Start importing Assets/Scripts/Dispenser/GreenDispenser.cs using Guid(860e549202a95cd408f31cc00d2e8494) Importer(2089858483,0ecaa5967403d082aa24f35e1b516d23)  -> (artifact id: '98bbb12b74e98719337b676841af9457') in 0.002158 seconds
Number of updated asset objects reloaded before import = 0
Number of asset objects unloaded after import = 1
========================================================================
Received Import Request.
  Time since last request: 0.000074 seconds.
  path: Assets/Textures/Line11.png
  artifactKey: Guid(8efc948cfbfc4034b85d71150bae5f80) Importer(2089858483,0ecaa5967403d082aa24f35e1b516d23)
Start importing Assets/Textures/Line11.png using Guid(8efc948cfbfc4034b85d71150bae5f80) Importer(2089858483,0ecaa5967403d082aa24f35e1b516d23)  -> (artifact id: '3b7753b8a5a91115f878e2c8a9082a8c') in 0.020281 seconds
Number of updated asset objects reloaded before import = 0
Number of asset objects unloaded after import = 3
========================================================================
Received Import Request.
  Time since last request: 0.000086 seconds.
  path: Assets/Sounds/Snare.wav
  artifactKey: Guid(f59dfb60f57a90a44bd3b5472b51313b) Importer(2089858483,0ecaa5967403d082aa24f35e1b516d23)
Start importing Assets/Sounds/Snare.wav using Guid(f59dfb60f57a90a44bd3b5472b51313b) Importer(2089858483,0ecaa5967403d082aa24f35e1b516d23)  -> (artifact id: '41f545867dda5d2c7e0e7e37ddb86723') in 0.074187 seconds
Number of updated asset objects reloaded before import = 0
Number of asset objects unloaded after import = 1
========================================================================
Received Import Request.
  Time since last request: 0.000167 seconds.
  path: Assets/Scripts/v3Scripts/v3PairsDispenser.cs
  artifactKey: Guid(301ce2e49ba1cd94d90a1d05cdc2adf7) Importer(2089858483,0ecaa5967403d082aa24f35e1b516d23)
Start importing Assets/Scripts/v3Scripts/v3PairsDispenser.cs using Guid(301ce2e49ba1cd94d90a1d05cdc2adf7) Importer(2089858483,0ecaa5967403d082aa24f35e1b516d23)  -> (artifact id: 'f9a14d4d155809864e5b10af6636bdaf') in 0.003182 seconds
Number of updated asset objects reloaded before import = 0
Number of asset objects unloaded after import = 1
========================================================================
Received Import Request.
  Time since last request: 0.000134 seconds.
  path: Assets/Textures/Resources/itsAlmostLikeANinjeeStar.png
  artifactKey: Guid(6675626e079ad60449542e62cb924067) Importer(2089858483,0ecaa5967403d082aa24f35e1b516d23)
Start importing Assets/Textures/Resources/itsAlmostLikeANinjeeStar.png using Guid(6675626e079ad60449542e62cb924067) Importer(2089858483,0ecaa5967403d082aa24f35e1b516d23)  -> (artifact id: '64917bc621f524cce7ec9a0ec42700cf') in 0.027119 seconds
Number of updated asset objects reloaded before import = 0
Number of asset objects unloaded after import = 3
========================================================================
Received Import Request.
  Time since last request: 0.000161 seconds.
  path: Assets/Textures/Line2.png
  artifactKey: Guid(55c0c68baebd93240a1b00a54cae9bed) Importer(2089858483,0ecaa5967403d082aa24f35e1b516d23)
Start importing Assets/Textures/Line2.png using Guid(55c0c68baebd93240a1b00a54cae9bed) Importer(2089858483,0ecaa5967403d082aa24f35e1b516d23)  -> (artifact id: '4f54a5390661ae836a29808df714e7c0') in 0.023710 seconds
Number of updated asset objects reloaded before import = 0
Number of asset objects unloaded after import = 3
========================================================================
Received Import Request.
  Time since last request: 0.000162 seconds.
  path: Assets/Scripts/Dispenser/WhiteDispenser.cs
  artifactKey: Guid(f51167029c6b0594aa50370bcea2c3e5) Importer(2089858483,0ecaa5967403d082aa24f35e1b516d23)
Start importing Assets/Scripts/Dispenser/WhiteDispenser.cs using Guid(f51167029c6b0594aa50370bcea2c3e5) Importer(2089858483,0ecaa5967403d082aa24f35e1b516d23)  -> (artifact id: 'ddac87037fe7bc5582092d3f663268a1') in 0.003483 seconds
Number of updated asset objects reloaded before import = 0
Number of asset objects unloaded after import = 1
========================================================================
Received Import Request.
  Time since last request: 0.000190 seconds.
  path: Assets/Scripts/Dispenser/MagentaDispenser.cs
  artifactKey: Guid(394f32742700c934b81756b6c09838b1) Importer(2089858483,0ecaa5967403d082aa24f35e1b516d23)
Start importing Assets/Scripts/Dispenser/MagentaDispenser.cs using Guid(394f32742700c934b81756b6c09838b1) Importer(2089858483,0ecaa5967403d082aa24f35e1b516d23)  -> (artifact id: '8df692faab7da97de4df440fec596d00') in 0.003812 seconds
Number of updated asset objects reloaded before import = 0
Number of asset objects unloaded after import = 1
========================================================================
Received Import Request.
  Time since last request: 0.000165 seconds.
  path: Assets/Textures/CircleP.png
  artifactKey: Guid(384f167f53796f1448a6e4a62d94bf32) Importer(2089858483,0ecaa5967403d082aa24f35e1b516d23)
Start importing Assets/Textures/CircleP.png using Guid(384f167f53796f1448a6e4a62d94bf32) Importer(2089858483,0ecaa5967403d082aa24f35e1b516d23)  -> (artifact id: '04eb15253861ef4a8f59ee045d132701') in 0.022188 seconds
Number of updated asset objects reloaded before import = 0
Number of asset objects unloaded after import = 3
========================================================================
Received Import Request.
  Time since last request: 0.000118 seconds.
  path: Assets/Scripts/Levels/PurpleLevelManager.cs
  artifactKey: Guid(cea4d0728ca0c694e8a6f7ae364542bf) Importer(2089858483,0ecaa5967403d082aa24f35e1b516d23)
Start importing Assets/Scripts/Levels/PurpleLevelManager.cs using Guid(cea4d0728ca0c694e8a6f7ae364542bf) Importer(2089858483,0ecaa5967403d082aa24f35e1b516d23)  -> (artifact id: 'f93afdad75767424c347645cac7acde7') in 0.003117 seconds
Number of updated asset objects reloaded before import = 0
Number of asset objects unloaded after import = 1
========================================================================
Received Import Request.
  Time since last request: 0.000187 seconds.
  path: Assets/Scripts/Tabs/LeftHUDTab.cs
  artifactKey: Guid(f7d3a60080f6c3a4b81e6925e856053b) Importer(2089858483,0ecaa5967403d082aa24f35e1b516d23)
Start importing Assets/Scripts/Tabs/LeftHUDTab.cs using Guid(f7d3a60080f6c3a4b81e6925e856053b) Importer(2089858483,0ecaa5967403d082aa24f35e1b516d23)  -> (artifact id: 'd505cc5cf0cf2e25ca4750c16bf9b776') in 0.003477 seconds
Number of updated asset objects reloaded before import = 0
Number of asset objects unloaded after import = 1
========================================================================
Received Import Request.
  Time since last request: 0.000236 seconds.
  path: Assets/Scripts/Dispenser/CyanDispenser.cs
  artifactKey: Guid(7e92e4f08d7a0994a874fbc0747f5dda) Importer(2089858483,0ecaa5967403d082aa24f35e1b516d23)
Start importing Assets/Scripts/Dispenser/CyanDispenser.cs using Guid(7e92e4f08d7a0994a874fbc0747f5dda) Importer(2089858483,0ecaa5967403d082aa24f35e1b516d23)  -> (artifact id: '0c061b2686874566f319c9dcf9c119b6') in 0.003562 seconds
Number of updated asset objects reloaded before import = 0
Number of asset objects unloaded after import = 1
========================================================================
Received Import Request.
  Time since last request: 0.000196 seconds.
  path: Assets/Textures/Diagoline.png
  artifactKey: Guid(74922b1c9bca7fb479f55a80bc0c8141) Importer(2089858483,0ecaa5967403d082aa24f35e1b516d23)
Start importing Assets/Textures/Diagoline.png using Guid(74922b1c9bca7fb479f55a80bc0c8141) Importer(2089858483,0ecaa5967403d082aa24f35e1b516d23)  -> (artifact id: '5f914feb67ea0a22158640ff75725847') in 0.024687 seconds
Number of updated asset objects reloaded before import = 0
Number of asset objects unloaded after import = 3
========================================================================
Received Import Request.
  Time since last request: 0.000056 seconds.
  path: Assets/Textures/Line7.png
  artifactKey: Guid(1a3fdc55e6272874abdbbaf0a8e8603a) Importer(2089858483,0ecaa5967403d082aa24f35e1b516d23)
Start importing Assets/Textures/Line7.png using Guid(1a3fdc55e6272874abdbbaf0a8e8603a) Importer(2089858483,0ecaa5967403d082aa24f35e1b516d23)  -> (artifact id: 'ce1d3e6b850b91657893cabf0033fbff') in 0.025845 seconds
Number of updated asset objects reloaded before import = 0
Number of asset objects unloaded after import = 3
========================================================================
Received Prepare
Refreshing native plugins compatible for Editor in 0.00 ms, found 0 plugins.
Preloading 0 native plugins for Editor in 0.00 ms.
Unloading 0 Unused Serialized files (Serialized files now loaded: 0)
Unloading 1 unused Assets / (0.8 KB). Loaded Objects now: 509.
Memory consumption went from 48.5 MB to 48.5 MB.
Total: 3.291010 ms (FindLiveObjects: 0.047876 ms CreateObjectMapping: 0.006150 ms MarkObjects: 3.205500 ms  DeleteObjects: 0.017589 ms)

Prepare: number of updated asset objects reloaded= 0
AssetImportParameters requested are different than current active one (requested -> active):
  custom:video-decoder-ogg-theora: a1e56fd34408186e4bbccfd4996cb3dc -> 
  custom:container-muxer-webm: aa71ff27fc2769a1b78a27578f13a17b -> 
  custom:container-demuxer-webm: 4f35f7cbe854078d1ac9338744f61a02 -> 
  custom:video-encoder-webm-vp8: eb34c28f22e8b96e1ab97ce403110664 -> 
  custom:framework-osx-AVFoundation: e770b220cccbd017edd2c1fefb359320 -> 
  custom:CustomObjectIndexerAttribute: 756ad292c208cfabdd7b50bc23989ffe -> 
  custom:audio-encoder-webm-vorbis: bf7c407c2cedff20999df2af8eb42d56 -> 
  custom:SearchIndexIgnoredProperties: e643bd26f0fe6173181afceb89e7c659 -> 
  custom:container-demuxer-ogg: 62fdf1f143b41e24485cea50d1cbac27 -> 
  custom:video-decoder-webm-vp8: 9c59270c3fd7afecdb556c50c9e8de78 -> 
  custom:audio-decoder-ogg-vorbis: bf7c407c2cedff20999df2af8eb42d56 -> 
  custom:AudioImporter_EditorPlatform: 3918e3fc78b5a79bad01e8451be0beb8 -> 
Editor requested this worker to shutdown with reason: Scaling down because of idle timeout
TcpMessagingSession - receive error: operation aborted. errorcode: 89, details: Operation aborted.
AssetImportWorker is now disconnected from the server
Process exiting
