Unity Editor version:    2022.3.4f1 (35713cd46cd7)
Branch:                  2022.3/staging
Build type:              Release
Batch mode:              YES
macOS version:           Version 13.2.1 (Build 22D68)
Darwin version:          22.3.0
Architecture:            x86_64
Running under Rosetta:   NO
Available memory:        16384 MB
Using pre-set license
Pro License: YES

COMMAND LINE ARGUMENTS:
/Applications/Unity/Hub/Editor/2022.3.4f1/Unity.app/Contents/MacOS/Unity
-adb2
-batchMode
-noUpm
-name
AssetImportWorker1
-projectPath
/Users/matthewburton/Documents/GitHub/PipSpin/LineSpin
-logFile
Logs/AssetImportWorker1.log
-srvPort
51462
Successfully changed project path to: /Users/matthewburton/Documents/GitHub/PipSpin/LineSpin
/Users/matthewburton/Documents/GitHub/PipSpin/LineSpin
[UnityMemory] Configuration Parameters - Can be set up in boot.config
    "memorysetup-bucket-allocator-granularity=16"
    "memorysetup-bucket-allocator-bucket-count=8"
    "memorysetup-bucket-allocator-block-size=33554432"
    "memorysetup-bucket-allocator-block-count=8"
    "memorysetup-main-allocator-block-size=16777216"
    "memorysetup-thread-allocator-block-size=16777216"
    "memorysetup-gfx-main-allocator-block-size=16777216"
    "memorysetup-gfx-thread-allocator-block-size=16777216"
    "memorysetup-cache-allocator-block-size=4194304"
    "memorysetup-typetree-allocator-block-size=2097152"
    "memorysetup-profiler-bucket-allocator-granularity=16"
    "memorysetup-profiler-bucket-allocator-bucket-count=8"
    "memorysetup-profiler-bucket-allocator-block-size=33554432"
    "memorysetup-profiler-bucket-allocator-block-count=8"
    "memorysetup-profiler-allocator-block-size=16777216"
    "memorysetup-profiler-editor-allocator-block-size=1048576"
    "memorysetup-temp-allocator-size-main=16777216"
    "memorysetup-job-temp-allocator-block-size=2097152"
    "memorysetup-job-temp-allocator-block-size-background=1048576"
    "memorysetup-job-temp-allocator-reduction-small-platforms=262144"
    "memorysetup-allocator-temp-initial-block-size-main=262144"
    "memorysetup-allocator-temp-initial-block-size-worker=262144"
    "memorysetup-temp-allocator-size-background-worker=32768"
    "memorysetup-temp-allocator-size-job-worker=262144"
    "memorysetup-temp-allocator-size-preload-manager=33554432"
    "memorysetup-temp-allocator-size-nav-mesh-worker=65536"
    "memorysetup-temp-allocator-size-audio-worker=65536"
    "memorysetup-temp-allocator-size-cloud-worker=32768"
    "memorysetup-temp-allocator-size-gi-baking-worker=262144"
    "memorysetup-temp-allocator-size-gfx=262144"
Player connection [140704594531968] Host "[IP] 192.168.13.185 [Port] 0 [Flags] 2 [Guid] 1027359997 [EditorId] 1027359997 [Version] 1048832 [Id] OSXEditor(0,MBurton.local) [Debug] 1 [PackageName] OSXEditor [ProjectName] Editor" joined multi-casting on [225.0.0.222:54997]...

Player connection [140704594531968] Host "[IP] 192.168.13.185 [Port] 0 [Flags] 2 [Guid] 1027359997 [EditorId] 1027359997 [Version] 1048832 [Id] OSXEditor(0,MBurton.local) [Debug] 1 [PackageName] OSXEditor [ProjectName] Editor" joined alternative multi-casting on [225.0.0.222:34997]...

Refreshing native plugins compatible for Editor in 0.00 ms, found 0 plugins.
Preloading 0 native plugins for Editor in 0.00 ms.
Initialize engine version: 2022.3.4f1 (35713cd46cd7)
[Subsystems] Discovering subsystems at path /Applications/Unity/Hub/Editor/2022.3.4f1/Unity.app/Contents/Resources/UnitySubsystems
[Subsystems] Discovering subsystems at path /Users/matthewburton/Documents/GitHub/PipSpin/LineSpin/Assets
GfxDevice: creating device client; threaded=0; jobified=0
Color LCD preferred device: AMD Radeon Pro 5300M (high power)
Metal devices available: 2
0: AMD Radeon Pro 5300M (high power)
1: Intel(R) UHD Graphics 630 (low power)
Using device AMD Radeon Pro 5300M (high power)
Initializing Metal device caps: AMD Radeon Pro 5300M
Initialize mono
Mono path[0] = '/Applications/Unity/Hub/Editor/2022.3.4f1/Unity.app/Contents/Managed'
Mono path[1] = '/Applications/Unity/Hub/Editor/2022.3.4f1/Unity.app/Contents/MonoBleedingEdge/lib/mono/unityjit-macos'
Mono config path = '/Applications/Unity/Hub/Editor/2022.3.4f1/Unity.app/Contents/MonoBleedingEdge/etc'
Using monoOptions --debugger-agent=transport=dt_socket,embedding=1,server=y,suspend=n,address=127.0.0.1:56300
Begin MonoManager ReloadAssembly
Registering precompiled unity dll's ...
Register platform support module: /Applications/Unity/Hub/Editor/2022.3.4f1/Unity.app/Contents/PlaybackEngines/MacStandaloneSupport/UnityEditor.OSXStandalone.Extensions.dll
Registered in 0.002876 seconds.
- Loaded All Assemblies, in  0.500 seconds
Native extension for OSXStandalone target not found
Mono: successfully reloaded assembly
- Finished resetting the current domain, in  0.340 seconds
Domain Reload Profiling: 840ms
	BeginReloadAssembly (173ms)
		ExecutionOrderSort (0ms)
		DisableScriptedObjects (0ms)
		BackupInstance (0ms)
		ReleaseScriptingObjects (0ms)
		CreateAndSetChildDomain (1ms)
	RebuildCommonClasses (45ms)
	RebuildNativeTypeToScriptingClass (14ms)
	initialDomainReloadingComplete (60ms)
	LoadAllAssembliesAndSetupDomain (208ms)
		LoadAssemblies (173ms)
		RebuildTransferFunctionScriptingTraits (0ms)
		AnalyzeDomain (204ms)
			TypeCache.Refresh (203ms)
				TypeCache.ScanAssembly (187ms)
			ScanForSourceGeneratedMonoScriptInfo (0ms)
			ResolveRequiredComponents (1ms)
	FinalizeReload (341ms)
		ReleaseScriptCaches (0ms)
		RebuildScriptCaches (0ms)
		SetupLoadedEditorAssemblies (252ms)
			LogAssemblyErrors (0ms)
			InitializePlatformSupportModulesInManaged (9ms)
			SetLoadedEditorAssemblies (10ms)
			RefreshPlugins (0ms)
			BeforeProcessingInitializeOnLoad (3ms)
			ProcessInitializeOnLoadAttributes (165ms)
			ProcessInitializeOnLoadMethodAttributes (65ms)
			AfterProcessingInitializeOnLoad (0ms)
			EditorAssembliesLoaded (0ms)
		ExecutionOrderSort2 (0ms)
		AwakeInstancesAfterBackupRestoration (0ms)
========================================================================
Worker process is ready to serve import requests
Begin MonoManager ReloadAssembly
- Loaded All Assemblies, in  0.428 seconds
Refreshing native plugins compatible for Editor in 0.00 ms, found 0 plugins.
Native extension for OSXStandalone target not found
Mono: successfully reloaded assembly
- Finished resetting the current domain, in  0.385 seconds
Domain Reload Profiling: 813ms
	BeginReloadAssembly (153ms)
		ExecutionOrderSort (0ms)
		DisableScriptedObjects (7ms)
		BackupInstance (0ms)
		ReleaseScriptingObjects (0ms)
		CreateAndSetChildDomain (30ms)
	RebuildCommonClasses (63ms)
	RebuildNativeTypeToScriptingClass (17ms)
	initialDomainReloadingComplete (29ms)
	LoadAllAssembliesAndSetupDomain (166ms)
		LoadAssemblies (79ms)
		RebuildTransferFunctionScriptingTraits (0ms)
		AnalyzeDomain (163ms)
			TypeCache.Refresh (163ms)
				TypeCache.ScanAssembly (153ms)
			ScanForSourceGeneratedMonoScriptInfo (0ms)
			ResolveRequiredComponents (0ms)
	FinalizeReload (385ms)
		ReleaseScriptCaches (0ms)
		RebuildScriptCaches (0ms)
		SetupLoadedEditorAssemblies (199ms)
			LogAssemblyErrors (0ms)
			InitializePlatformSupportModulesInManaged (6ms)
			SetLoadedEditorAssemblies (8ms)
			RefreshPlugins (0ms)
			BeforeProcessingInitializeOnLoad (27ms)
			ProcessInitializeOnLoadAttributes (135ms)
			ProcessInitializeOnLoadMethodAttributes (22ms)
			AfterProcessingInitializeOnLoad (2ms)
			EditorAssembliesLoaded (0ms)
		ExecutionOrderSort2 (0ms)
		AwakeInstancesAfterBackupRestoration (5ms)
Launching external process: /Applications/Unity/Hub/Editor/2022.3.4f1/Unity.app/Contents/Tools/UnityShaderCompiler
Launched and connected shader compiler UnityShaderCompiler after 0.09 seconds
Refreshing native plugins compatible for Editor in 0.00 ms, found 0 plugins.
Preloading 0 native plugins for Editor in 0.00 ms.
Unloading 38 Unused Serialized files (Serialized files now loaded: 0)
Unloading 3 unused Assets / (43.0 KB). Loaded Objects now: 509.
Memory consumption went from 47.9 MB to 47.8 MB.
Total: 2.823600 ms (FindLiveObjects: 0.040665 ms CreateObjectMapping: 0.004209 ms MarkObjects: 2.698173 ms  DeleteObjects: 0.079511 ms)

AssetImportParameters requested are different than current active one (requested -> active):
  custom:video-decoder-ogg-theora: a1e56fd34408186e4bbccfd4996cb3dc -> 
  custom:container-muxer-webm: aa71ff27fc2769a1b78a27578f13a17b -> 
  custom:container-demuxer-webm: 4f35f7cbe854078d1ac9338744f61a02 -> 
  custom:video-encoder-webm-vp8: eb34c28f22e8b96e1ab97ce403110664 -> 
  custom:framework-osx-AVFoundation: e770b220cccbd017edd2c1fefb359320 -> 
  custom:CustomObjectIndexerAttribute: 756ad292c208cfabdd7b50bc23989ffe -> 
  custom:audio-encoder-webm-vorbis: bf7c407c2cedff20999df2af8eb42d56 -> 
  custom:container-demuxer-ogg: 62fdf1f143b41e24485cea50d1cbac27 -> 
  custom:video-decoder-webm-vp8: 9c59270c3fd7afecdb556c50c9e8de78 -> 
  custom:audio-decoder-ogg-vorbis: bf7c407c2cedff20999df2af8eb42d56 -> 
  custom:AudioImporter_EditorPlatform: 3918e3fc78b5a79bad01e8451be0beb8 -> 
========================================================================
Received Import Request.
  Time since last request: 31401.474745 seconds.
  path: Assets/Scenes/2MagentaLevel 1.unity
  artifactKey: Guid(7c8ef9819ee8adf4f91b4b93e21a9685) Importer(2089858483,0ecaa5967403d082aa24f35e1b516d23)
Start importing Assets/Scenes/2MagentaLevel 1.unity using Guid(7c8ef9819ee8adf4f91b4b93e21a9685) Importer(2089858483,0ecaa5967403d082aa24f35e1b516d23)  -> (artifact id: '9a07f215eef526e26919c8b9ada2f0bb') in 0.128094 seconds
Number of updated asset objects reloaded before import = 0
Number of asset objects unloaded after import = 1
========================================================================
Received Import Request.
  Time since last request: 0.000059 seconds.
  path: Assets/Sounds/CLow.wav
  artifactKey: Guid(6d59bdbdc02bfb848b671f6e3d39dbcd) Importer(2089858483,0ecaa5967403d082aa24f35e1b516d23)
Start importing Assets/Sounds/CLow.wav using Guid(6d59bdbdc02bfb848b671f6e3d39dbcd) Importer(2089858483,0ecaa5967403d082aa24f35e1b516d23)  -> (artifact id: 'e565f78c34679fffbf5c7fec3fca66cb') in 0.108362 seconds
Number of updated asset objects reloaded before import = 0
Number of asset objects unloaded after import = 1
========================================================================
Received Import Request.
  Time since last request: 0.000184 seconds.
  path: Assets/Scripts/GameHud.cs
  artifactKey: Guid(02eb692aa0e1e8748ba10a0aeac2a383) Importer(2089858483,0ecaa5967403d082aa24f35e1b516d23)
Start importing Assets/Scripts/GameHud.cs using Guid(02eb692aa0e1e8748ba10a0aeac2a383) Importer(2089858483,0ecaa5967403d082aa24f35e1b516d23)  -> (artifact id: '946017f809795a05c212ca54e0915c95') in 0.003316 seconds
Number of updated asset objects reloaded before import = 0
Number of asset objects unloaded after import = 1
========================================================================
Received Import Request.
  Time since last request: 0.000117 seconds.
  path: Assets/Animations/BGGreenToYellow.anim
  artifactKey: Guid(9ccf88c39ed283649b5913ca95a0433e) Importer(2089858483,0ecaa5967403d082aa24f35e1b516d23)
Start importing Assets/Animations/BGGreenToYellow.anim using Guid(9ccf88c39ed283649b5913ca95a0433e) Importer(2089858483,0ecaa5967403d082aa24f35e1b516d23)  -> (artifact id: '731a87ee909ebbf8e8e56a1ba641458e') in 0.011247 seconds
Number of updated asset objects reloaded before import = 0
Number of asset objects unloaded after import = 1
========================================================================
Received Import Request.
  Time since last request: 0.000092 seconds.
  path: Assets/Scenes/3CyanLevel.unity
  artifactKey: Guid(4ebcf0ebc312c294598a2d1e4bba81a9) Importer(2089858483,0ecaa5967403d082aa24f35e1b516d23)
Start importing Assets/Scenes/3CyanLevel.unity using Guid(4ebcf0ebc312c294598a2d1e4bba81a9) Importer(2089858483,0ecaa5967403d082aa24f35e1b516d23)  -> (artifact id: 'a1254bd46aec2527b6f08477632fe9f0') in 0.001664 seconds
Number of updated asset objects reloaded before import = 0
Number of asset objects unloaded after import = 1
========================================================================
Received Import Request.
  Time since last request: 0.000173 seconds.
  path: Assets/Scripts/Projectile.cs
  artifactKey: Guid(d10391dd351ac474ab66237d2ece0753) Importer(2089858483,0ecaa5967403d082aa24f35e1b516d23)
Start importing Assets/Scripts/Projectile.cs using Guid(d10391dd351ac474ab66237d2ece0753) Importer(2089858483,0ecaa5967403d082aa24f35e1b516d23)  -> (artifact id: '511d5deaf5ba842c8f00fc264e6395f1') in 0.002343 seconds
Number of updated asset objects reloaded before import = 0
Number of asset objects unloaded after import = 1
========================================================================
Received Import Request.
  Time since last request: 0.000109 seconds.
  path: Assets/Animations/LowerTabGoUp.anim
  artifactKey: Guid(c174cc1d08024d44ba68b6e2cd9275ba) Importer(2089858483,0ecaa5967403d082aa24f35e1b516d23)
Start importing Assets/Animations/LowerTabGoUp.anim using Guid(c174cc1d08024d44ba68b6e2cd9275ba) Importer(2089858483,0ecaa5967403d082aa24f35e1b516d23)  -> (artifact id: '865f8aa4a46577caf5e2ebd77e7649d7') in 0.004944 seconds
Number of updated asset objects reloaded before import = 0
Number of asset objects unloaded after import = 1
========================================================================
Received Import Request.
  Time since last request: 0.000194 seconds.
  path: Assets/Animations/TabGoingUp.anim
  artifactKey: Guid(219aedb9e3350bc409fe96434dcc6e8b) Importer(2089858483,0ecaa5967403d082aa24f35e1b516d23)
Start importing Assets/Animations/TabGoingUp.anim using Guid(219aedb9e3350bc409fe96434dcc6e8b) Importer(2089858483,0ecaa5967403d082aa24f35e1b516d23)  -> (artifact id: '7e8d428944ce7b443ec82283c3ba4024') in 0.005904 seconds
Number of updated asset objects reloaded before import = 0
Number of asset objects unloaded after import = 1
========================================================================
Received Import Request.
  Time since last request: 0.000119 seconds.
  path: Assets/Animations/MagentaBG 1.controller
  artifactKey: Guid(1dbd0eb0d9b3bd54ca019fc696332cbb) Importer(2089858483,0ecaa5967403d082aa24f35e1b516d23)
Start importing Assets/Animations/MagentaBG 1.controller using Guid(1dbd0eb0d9b3bd54ca019fc696332cbb) Importer(2089858483,0ecaa5967403d082aa24f35e1b516d23)  -> (artifact id: 'a833bab2488853b86c3f5aaa2c3bc507') in 0.006117 seconds
Number of updated asset objects reloaded before import = 0
Number of asset objects unloaded after import = 4
========================================================================
Received Import Request.
  Time since last request: 0.000142 seconds.
  path: Assets/Animations/CyanBGIdle.anim
  artifactKey: Guid(b43e72422c0da444e88f52550388bf16) Importer(2089858483,0ecaa5967403d082aa24f35e1b516d23)
Start importing Assets/Animations/CyanBGIdle.anim using Guid(b43e72422c0da444e88f52550388bf16) Importer(2089858483,0ecaa5967403d082aa24f35e1b516d23)  -> (artifact id: '959a23c1d2d0bc48d164701a739c9628') in 0.004614 seconds
Number of updated asset objects reloaded before import = 0
Number of asset objects unloaded after import = 1
========================================================================
Received Import Request.
  Time since last request: 0.000140 seconds.
  path: Assets/Scripts/Line.controller
  artifactKey: Guid(88553d26b0523f54c9ffd1d4032f0a50) Importer(2089858483,0ecaa5967403d082aa24f35e1b516d23)
Start importing Assets/Scripts/Line.controller using Guid(88553d26b0523f54c9ffd1d4032f0a50) Importer(2089858483,0ecaa5967403d082aa24f35e1b516d23)  -> (artifact id: 'd05a091663b89dd443f6d27e88bed4a6') in 0.009705 seconds
Number of updated asset objects reloaded before import = 0
Number of asset objects unloaded after import = 22
========================================================================
Received Import Request.
  Time since last request: 0.000112 seconds.
  path: Assets/Animations/LeftTabGoLeft.anim
  artifactKey: Guid(d4d921744f03f4c44a1a0cdc80fb2fa8) Importer(2089858483,0ecaa5967403d082aa24f35e1b516d23)
Start importing Assets/Animations/LeftTabGoLeft.anim using Guid(d4d921744f03f4c44a1a0cdc80fb2fa8) Importer(2089858483,0ecaa5967403d082aa24f35e1b516d23)  -> (artifact id: 'c5ef35d6c8f143166d3103acd48048f6') in 0.004795 seconds
Number of updated asset objects reloaded before import = 0
Number of asset objects unloaded after import = 1
========================================================================
Received Import Request.
  Time since last request: 0.000190 seconds.
  path: Assets/Scenes/PurpleLevel.unity
  artifactKey: Guid(3f1d9c49be331e14fa736b63ad4e58ca) Importer(2089858483,0ecaa5967403d082aa24f35e1b516d23)
Start importing Assets/Scenes/PurpleLevel.unity using Guid(3f1d9c49be331e14fa736b63ad4e58ca) Importer(2089858483,0ecaa5967403d082aa24f35e1b516d23)  -> (artifact id: '6eb9989ee64bc1138c5db4a1b0a46ad8') in 0.001844 seconds
Number of updated asset objects reloaded before import = 0
Number of asset objects unloaded after import = 1
========================================================================
Received Import Request.
  Time since last request: 0.000161 seconds.
  path: Assets/Animations/RightTabRightIdle.anim
  artifactKey: Guid(96b731f3560a38c42bb6a9fb153f5e63) Importer(2089858483,0ecaa5967403d082aa24f35e1b516d23)
Start importing Assets/Animations/RightTabRightIdle.anim using Guid(96b731f3560a38c42bb6a9fb153f5e63) Importer(2089858483,0ecaa5967403d082aa24f35e1b516d23)  -> (artifact id: 'a9ad4b1566ea9b84dff5bbb0d34b600c') in 0.005478 seconds
Number of updated asset objects reloaded before import = 0
Number of asset objects unloaded after import = 1
========================================================================
Received Import Request.
  Time since last request: 0.000088 seconds.
  path: Assets/Animations/HIdle.anim
  artifactKey: Guid(1fb4d9c644286104294e5ebbbf716f04) Importer(2089858483,0ecaa5967403d082aa24f35e1b516d23)
Start importing Assets/Animations/HIdle.anim using Guid(1fb4d9c644286104294e5ebbbf716f04) Importer(2089858483,0ecaa5967403d082aa24f35e1b516d23)  -> (artifact id: '573fc47da81301550a2f34e72ddf88a4') in 0.004707 seconds
Number of updated asset objects reloaded before import = 0
Number of asset objects unloaded after import = 1
========================================================================
Received Import Request.
  Time since last request: 0.000106 seconds.
  path: Assets/Animations/VSpinClockwise.anim
  artifactKey: Guid(716617b33762a0d45b3e304cc069545a) Importer(2089858483,0ecaa5967403d082aa24f35e1b516d23)
Start importing Assets/Animations/VSpinClockwise.anim using Guid(716617b33762a0d45b3e304cc069545a) Importer(2089858483,0ecaa5967403d082aa24f35e1b516d23)  -> (artifact id: 'eb35c90d85d37e44cafd0046a2a65f25') in 0.004500 seconds
Number of updated asset objects reloaded before import = 0
Number of asset objects unloaded after import = 1
========================================================================
Received Import Request.
  Time since last request: 0.000132 seconds.
  path: Assets/Animations/RedBG.controller
  artifactKey: Guid(64c91c8e2eee7c64c9fe4c0f42c8b1c9) Importer(2089858483,0ecaa5967403d082aa24f35e1b516d23)
Start importing Assets/Animations/RedBG.controller using Guid(64c91c8e2eee7c64c9fe4c0f42c8b1c9) Importer(2089858483,0ecaa5967403d082aa24f35e1b516d23)  -> (artifact id: '1afebf99216423487c9c89bdec94bd33') in 0.004631 seconds
Number of updated asset objects reloaded before import = 0
Number of asset objects unloaded after import = 4
========================================================================
Received Import Request.
  Time since last request: 0.000224 seconds.
  path: Assets/Animations/LowerTabUpIdle.anim
  artifactKey: Guid(ada68d13ccd466b44bfc817263f43a62) Importer(2089858483,0ecaa5967403d082aa24f35e1b516d23)
Start importing Assets/Animations/LowerTabUpIdle.anim using Guid(ada68d13ccd466b44bfc817263f43a62) Importer(2089858483,0ecaa5967403d082aa24f35e1b516d23)  -> (artifact id: 'b9175def0ad2906844ebfc961bb5c241') in 0.005852 seconds
Number of updated asset objects reloaded before import = 0
Number of asset objects unloaded after import = 1
========================================================================
Received Import Request.
  Time since last request: 0.000209 seconds.
  path: Assets/Animations/GreenBGNegPulse.anim
  artifactKey: Guid(7a133456f18937b45ae593d45d478d3f) Importer(2089858483,0ecaa5967403d082aa24f35e1b516d23)
Start importing Assets/Animations/GreenBGNegPulse.anim using Guid(7a133456f18937b45ae593d45d478d3f) Importer(2089858483,0ecaa5967403d082aa24f35e1b516d23)  -> (artifact id: 'badbeabd6e458694bd343a75e79bd203') in 0.004797 seconds
Number of updated asset objects reloaded before import = 0
Number of asset objects unloaded after import = 1
========================================================================
Received Import Request.
  Time since last request: 0.000199 seconds.
  path: Assets/Animations/YellowBGFade.anim
  artifactKey: Guid(b89a402ccaab26746956f3320d2cbcc3) Importer(2089858483,0ecaa5967403d082aa24f35e1b516d23)
Start importing Assets/Animations/YellowBGFade.anim using Guid(b89a402ccaab26746956f3320d2cbcc3) Importer(2089858483,0ecaa5967403d082aa24f35e1b516d23)  -> (artifact id: 'c3179d9404c9876d385d5c0cd42b55fb') in 0.006160 seconds
Number of updated asset objects reloaded before import = 0
Number of asset objects unloaded after import = 1
========================================================================
Received Import Request.
  Time since last request: 0.000128 seconds.
  path: Assets/Animations/HSpinCounterClockwise.anim
  artifactKey: Guid(6f42e578f32d9384c96898ddeba42745) Importer(2089858483,0ecaa5967403d082aa24f35e1b516d23)
Start importing Assets/Animations/HSpinCounterClockwise.anim using Guid(6f42e578f32d9384c96898ddeba42745) Importer(2089858483,0ecaa5967403d082aa24f35e1b516d23)  -> (artifact id: 'f68cdc5affc0404bb227ee4a36b45792') in 0.005989 seconds
Number of updated asset objects reloaded before import = 0
Number of asset objects unloaded after import = 1
========================================================================
Received Import Request.
  Time since last request: 0.000216 seconds.
  path: Assets/Sounds/CHi.wav
  artifactKey: Guid(3fbca23127a529f4ca03699eee41396c) Importer(2089858483,0ecaa5967403d082aa24f35e1b516d23)
Start importing Assets/Sounds/CHi.wav using Guid(3fbca23127a529f4ca03699eee41396c) Importer(2089858483,0ecaa5967403d082aa24f35e1b516d23)  -> (artifact id: 'fa6deb64e3aee95562b15a83c00074d2') in 0.059556 seconds
Number of updated asset objects reloaded before import = 0
Number of asset objects unloaded after import = 1
========================================================================
Received Import Request.
  Time since last request: 0.000151 seconds.
  path: Assets/Scenes/GreenLevel.unity
  artifactKey: Guid(f3fec905693a1f04f88bb3cbe17105d9) Importer(2089858483,0ecaa5967403d082aa24f35e1b516d23)
Start importing Assets/Scenes/GreenLevel.unity using Guid(f3fec905693a1f04f88bb3cbe17105d9) Importer(2089858483,0ecaa5967403d082aa24f35e1b516d23)  -> (artifact id: 'c549866ea06866ce180100050bcbc346') in 0.002362 seconds
Number of updated asset objects reloaded before import = 0
Number of asset objects unloaded after import = 1
========================================================================
Received Import Request.
  Time since last request: 0.000154 seconds.
  path: Assets/Sounds/D.wav
  artifactKey: Guid(93e514065791c374aa6ed68dd6d2fd66) Importer(2089858483,0ecaa5967403d082aa24f35e1b516d23)
Start importing Assets/Sounds/D.wav using Guid(93e514065791c374aa6ed68dd6d2fd66) Importer(2089858483,0ecaa5967403d082aa24f35e1b516d23)  -> (artifact id: 'c0fe82d65a0990d0c144b00e42dc47e4') in 0.058778 seconds
Number of updated asset objects reloaded before import = 0
Number of asset objects unloaded after import = 1
========================================================================
Received Import Request.
  Time since last request: 0.000170 seconds.
  path: Assets/Animations/LowerTab.controller
  artifactKey: Guid(02a1b8da7941ce44190048f994d9d90f) Importer(2089858483,0ecaa5967403d082aa24f35e1b516d23)
Start importing Assets/Animations/LowerTab.controller using Guid(02a1b8da7941ce44190048f994d9d90f) Importer(2089858483,0ecaa5967403d082aa24f35e1b516d23)  -> (artifact id: '11df43ab562597e410149ba04e65e853') in 0.004604 seconds
Number of updated asset objects reloaded before import = 0
Number of asset objects unloaded after import = 14
========================================================================
Received Import Request.
  Time since last request: 0.000065 seconds.
  path: Assets/Scripts/FiringPatterns.cs
  artifactKey: Guid(3c7b38b36e950614f90e09b195419cf9) Importer(2089858483,0ecaa5967403d082aa24f35e1b516d23)
Start importing Assets/Scripts/FiringPatterns.cs using Guid(3c7b38b36e950614f90e09b195419cf9) Importer(2089858483,0ecaa5967403d082aa24f35e1b516d23)  -> (artifact id: '70c9a931fdcc75bb5fd7617877e278c2') in 0.001965 seconds
Number of updated asset objects reloaded before import = 0
Number of asset objects unloaded after import = 1
========================================================================
Received Import Request.
  Time since last request: 0.000128 seconds.
  path: Assets/Sounds/BGMusic1.wav
  artifactKey: Guid(185ecb8d15aabc94fa5bb37f6c932606) Importer(2089858483,0ecaa5967403d082aa24f35e1b516d23)
Start importing Assets/Sounds/BGMusic1.wav using Guid(185ecb8d15aabc94fa5bb37f6c932606) Importer(2089858483,0ecaa5967403d082aa24f35e1b516d23)  -> (artifact id: '70eb33a09de7d4ed98a37b47e0be8022') in 0.051847 seconds
Number of updated asset objects reloaded before import = 0
Number of asset objects unloaded after import = 1
========================================================================
Received Import Request.
  Time since last request: 0.000128 seconds.
  path: Assets/Scenes/Menu.unity
  artifactKey: Guid(4bd469e8a953d1544a733cc26ccfedde) Importer(2089858483,0ecaa5967403d082aa24f35e1b516d23)
Start importing Assets/Scenes/Menu.unity using Guid(4bd469e8a953d1544a733cc26ccfedde) Importer(2089858483,0ecaa5967403d082aa24f35e1b516d23)  -> (artifact id: 'b198df67354dd69b18f23c726e050e46') in 0.001499 seconds
Number of updated asset objects reloaded before import = 0
Number of asset objects unloaded after import = 1
========================================================================
Received Import Request.
  Time since last request: 0.000160 seconds.
  path: Assets/Animations/CyanBGNegPulse.anim
  artifactKey: Guid(db80bc87866f1fd4cb83cd81d4b11acf) Importer(2089858483,0ecaa5967403d082aa24f35e1b516d23)
Start importing Assets/Animations/CyanBGNegPulse.anim using Guid(db80bc87866f1fd4cb83cd81d4b11acf) Importer(2089858483,0ecaa5967403d082aa24f35e1b516d23)  -> (artifact id: '43bc1818a8747d62c99c573810ee95b3') in 0.004982 seconds
Number of updated asset objects reloaded before import = 0
Number of asset objects unloaded after import = 1
========================================================================
Received Import Request.
  Time since last request: 0.000105 seconds.
  path: Assets/Animations/BGRedFade.anim
  artifactKey: Guid(d6f518a9e7e3d4e49aa7ed295ee99205) Importer(2089858483,0ecaa5967403d082aa24f35e1b516d23)
Start importing Assets/Animations/BGRedFade.anim using Guid(d6f518a9e7e3d4e49aa7ed295ee99205) Importer(2089858483,0ecaa5967403d082aa24f35e1b516d23)  -> (artifact id: '6f81719ce3619827e84f1b3943a4c153') in 0.004432 seconds
Number of updated asset objects reloaded before import = 0
Number of asset objects unloaded after import = 1
========================================================================
Received Import Request.
  Time since last request: 0.000073 seconds.
  path: Assets/Animations/RightTab.controller
  artifactKey: Guid(95666a21ecacfa448864c0fef5a636e3) Importer(2089858483,0ecaa5967403d082aa24f35e1b516d23)
Start importing Assets/Animations/RightTab.controller using Guid(95666a21ecacfa448864c0fef5a636e3) Importer(2089858483,0ecaa5967403d082aa24f35e1b516d23)  -> (artifact id: 'fafb14423fdd57a5021d4d3f2d29317d') in 0.004066 seconds
Number of updated asset objects reloaded before import = 0
Number of asset objects unloaded after import = 14
========================================================================
Received Import Request.
  Time since last request: 0.000049 seconds.
  path: Assets/Scripts/HIdle.anim
  artifactKey: Guid(795d0de350ad9054d831bbd23c29cd46) Importer(2089858483,0ecaa5967403d082aa24f35e1b516d23)
Start importing Assets/Scripts/HIdle.anim using Guid(795d0de350ad9054d831bbd23c29cd46) Importer(2089858483,0ecaa5967403d082aa24f35e1b516d23)  -> (artifact id: 'd34223fcf58955c8560f1c836c805e9b') in 0.003735 seconds
Number of updated asset objects reloaded before import = 0
Number of asset objects unloaded after import = 1
========================================================================
Received Import Request.
  Time since last request: 0.000148 seconds.
  path: Assets/Animations/CyanBG.controller
  artifactKey: Guid(9840e83061a58524dba8a1b2cdcf1359) Importer(2089858483,0ecaa5967403d082aa24f35e1b516d23)
Start importing Assets/Animations/CyanBG.controller using Guid(9840e83061a58524dba8a1b2cdcf1359) Importer(2089858483,0ecaa5967403d082aa24f35e1b516d23)  -> (artifact id: '2397d06f63cc19889fa0ce6ea7d0b48c') in 0.003613 seconds
Number of updated asset objects reloaded before import = 0
Number of asset objects unloaded after import = 4
========================================================================
Received Import Request.
  Time since last request: 0.000084 seconds.
  path: Assets/Animations/BGBlueToGreen.anim
  artifactKey: Guid(8aeb13b205f38d34286c0009c989cf4d) Importer(2089858483,0ecaa5967403d082aa24f35e1b516d23)
Start importing Assets/Animations/BGBlueToGreen.anim using Guid(8aeb13b205f38d34286c0009c989cf4d) Importer(2089858483,0ecaa5967403d082aa24f35e1b516d23)  -> (artifact id: '279e0c6dcd06c7da1257b8c31e1a15b6') in 0.004964 seconds
Number of updated asset objects reloaded before import = 0
Number of asset objects unloaded after import = 1
========================================================================
Received Import Request.
  Time since last request: 0.000092 seconds.
  path: Assets/Animations/LowerTabGoDown.anim
  artifactKey: Guid(8be1024ed68274646a283a92bf88180e) Importer(2089858483,0ecaa5967403d082aa24f35e1b516d23)
Start importing Assets/Animations/LowerTabGoDown.anim using Guid(8be1024ed68274646a283a92bf88180e) Importer(2089858483,0ecaa5967403d082aa24f35e1b516d23)  -> (artifact id: '7c2048864fa159de308633fd604417de') in 0.006156 seconds
Number of updated asset objects reloaded before import = 0
Number of asset objects unloaded after import = 1
========================================================================
Received Import Request.
  Time since last request: 0.000137 seconds.
  path: Assets/Scenes/BlueLevel.unity
  artifactKey: Guid(51cec97ce8d631543ac84f45ec4172fe) Importer(2089858483,0ecaa5967403d082aa24f35e1b516d23)
Start importing Assets/Scenes/BlueLevel.unity using Guid(51cec97ce8d631543ac84f45ec4172fe) Importer(2089858483,0ecaa5967403d082aa24f35e1b516d23)  -> (artifact id: '1dae527da0a6f19713467e981a5c41d0') in 0.002186 seconds
Number of updated asset objects reloaded before import = 0
Number of asset objects unloaded after import = 1
========================================================================
Received Import Request.
  Time since last request: 0.000174 seconds.
  path: Assets/Prefabs/Slow1Projectile.prefab
  artifactKey: Guid(8018bc796b3de84478f167dcec5e02ee) Importer(2089858483,0ecaa5967403d082aa24f35e1b516d23)
Start importing Assets/Prefabs/Slow1Projectile.prefab using Guid(8018bc796b3de84478f167dcec5e02ee) Importer(2089858483,0ecaa5967403d082aa24f35e1b516d23)  -> (artifact id: 'ca3f3ee8f850972d77f5cc87bce85beb') in 0.031297 seconds
Number of updated asset objects reloaded before import = 0
Number of asset objects unloaded after import = 17
========================================================================
Received Import Request.
  Time since last request: 0.000103 seconds.
  path: Assets/Sounds/B.wav
  artifactKey: Guid(2257c352eed1e8948bb2455185878efc) Importer(2089858483,0ecaa5967403d082aa24f35e1b516d23)
Start importing Assets/Sounds/B.wav using Guid(2257c352eed1e8948bb2455185878efc) Importer(2089858483,0ecaa5967403d082aa24f35e1b516d23)  -> (artifact id: 'f2f8e391a92d2f3afa552cb409877314') in 0.056477 seconds
Number of updated asset objects reloaded before import = 0
Number of asset objects unloaded after import = 1
========================================================================
Received Import Request.
  Time since last request: 0.000117 seconds.
  path: Assets/Scripts/Background.cs
  artifactKey: Guid(6507d2f65cb36f34fa32e5e26f191687) Importer(2089858483,0ecaa5967403d082aa24f35e1b516d23)
Start importing Assets/Scripts/Background.cs using Guid(6507d2f65cb36f34fa32e5e26f191687) Importer(2089858483,0ecaa5967403d082aa24f35e1b516d23)  -> (artifact id: 'e31004176cfa7dda6a0c72cb9ba3a626') in 0.002690 seconds
Number of updated asset objects reloaded before import = 0
Number of asset objects unloaded after import = 1
========================================================================
Received Import Request.
  Time since last request: 0.000106 seconds.
  path: Assets/Scripts/MainMenu.cs
  artifactKey: Guid(43d4864fc3b97474488fd1bb333e6ac0) Importer(2089858483,0ecaa5967403d082aa24f35e1b516d23)
Start importing Assets/Scripts/MainMenu.cs using Guid(43d4864fc3b97474488fd1bb333e6ac0) Importer(2089858483,0ecaa5967403d082aa24f35e1b516d23)  -> (artifact id: 'f34284c22113318c1a37a6154d81e72a') in 0.002360 seconds
Number of updated asset objects reloaded before import = 0
Number of asset objects unloaded after import = 1
========================================================================
Received Import Request.
  Time since last request: 0.000157 seconds.
  path: Assets/Animations/GreenBGPulse.anim
  artifactKey: Guid(bbde3e1ab862597479ce97ef91967d90) Importer(2089858483,0ecaa5967403d082aa24f35e1b516d23)
Start importing Assets/Animations/GreenBGPulse.anim using Guid(bbde3e1ab862597479ce97ef91967d90) Importer(2089858483,0ecaa5967403d082aa24f35e1b516d23)  -> (artifact id: '23b39a9a8a70fe73a93119e561c44ab4') in 0.004425 seconds
Number of updated asset objects reloaded before import = 0
Number of asset objects unloaded after import = 1
========================================================================
Received Import Request.
  Time since last request: 0.000129 seconds.
  path: Assets/Animations/TabUpIdle.anim
  artifactKey: Guid(b9f76cdf8936aab469bf220541130c0e) Importer(2089858483,0ecaa5967403d082aa24f35e1b516d23)
Start importing Assets/Animations/TabUpIdle.anim using Guid(b9f76cdf8936aab469bf220541130c0e) Importer(2089858483,0ecaa5967403d082aa24f35e1b516d23)  -> (artifact id: '230edba7e445ef81e2fc033bb9f4dbaf') in 0.005071 seconds
Number of updated asset objects reloaded before import = 0
Number of asset objects unloaded after import = 1
========================================================================
Received Import Request.
  Time since last request: 0.000173 seconds.
  path: Assets/Animations/RightTabGoRight.anim
  artifactKey: Guid(65034de79cb5a364ba11cf11b428bbf5) Importer(2089858483,0ecaa5967403d082aa24f35e1b516d23)
Start importing Assets/Animations/RightTabGoRight.anim using Guid(65034de79cb5a364ba11cf11b428bbf5) Importer(2089858483,0ecaa5967403d082aa24f35e1b516d23)  -> (artifact id: '35ef3d6cb0e5c7d4b638749cf9cb24e3') in 0.004729 seconds
Number of updated asset objects reloaded before import = 0
Number of asset objects unloaded after import = 1
========================================================================
Received Import Request.
  Time since last request: 0.000114 seconds.
  path: Assets/Animations/BGBlack.anim
  artifactKey: Guid(9ebc7e5aa5248d847acd9035461ed7b2) Importer(2089858483,0ecaa5967403d082aa24f35e1b516d23)
Start importing Assets/Animations/BGBlack.anim using Guid(9ebc7e5aa5248d847acd9035461ed7b2) Importer(2089858483,0ecaa5967403d082aa24f35e1b516d23)  -> (artifact id: 'a1f3a23a508c4d7ba3fb77456294255b') in 0.004629 seconds
Number of updated asset objects reloaded before import = 0
Number of asset objects unloaded after import = 1
========================================================================
Received Import Request.
  Time since last request: 0.000112 seconds.
  path: Assets/Scenes/MagentaLevel.unity
  artifactKey: Guid(d3591c15638f40547a71da4b26234140) Importer(2089858483,0ecaa5967403d082aa24f35e1b516d23)
Start importing Assets/Scenes/MagentaLevel.unity using Guid(d3591c15638f40547a71da4b26234140) Importer(2089858483,0ecaa5967403d082aa24f35e1b516d23)  -> (artifact id: '6e2fd8bc7f4397d8a7efb4f6718d487b') in 0.001877 seconds
Number of updated asset objects reloaded before import = 0
Number of asset objects unloaded after import = 1
========================================================================
Received Import Request.
  Time since last request: 0.000135 seconds.
  path: Assets/Animations/TabGoingDown.anim
  artifactKey: Guid(7d5295f37e5199745995c97eef96e1f2) Importer(2089858483,0ecaa5967403d082aa24f35e1b516d23)
Start importing Assets/Animations/TabGoingDown.anim using Guid(7d5295f37e5199745995c97eef96e1f2) Importer(2089858483,0ecaa5967403d082aa24f35e1b516d23)  -> (artifact id: '547149e72439184d56deb345f6007933') in 0.004766 seconds
Number of updated asset objects reloaded before import = 0
Number of asset objects unloaded after import = 1
========================================================================
Received Import Request.
  Time since last request: 0.000111 seconds.
  path: Assets/Animations/BGOrangeToRed.anim
  artifactKey: Guid(d0607d8c20defcd4db4f253ebd330c10) Importer(2089858483,0ecaa5967403d082aa24f35e1b516d23)
Start importing Assets/Animations/BGOrangeToRed.anim using Guid(d0607d8c20defcd4db4f253ebd330c10) Importer(2089858483,0ecaa5967403d082aa24f35e1b516d23)  -> (artifact id: '3dfc1b1501b138392e2355c1e4c6657a') in 0.005048 seconds
Number of updated asset objects reloaded before import = 0
Number of asset objects unloaded after import = 1
========================================================================
Received Import Request.
  Time since last request: 0.000113 seconds.
  path: Assets/Animations/LeftTabLeftIdle.anim
  artifactKey: Guid(e0fdec692d5de5543a131b532090e60c) Importer(2089858483,0ecaa5967403d082aa24f35e1b516d23)
Start importing Assets/Animations/LeftTabLeftIdle.anim using Guid(e0fdec692d5de5543a131b532090e60c) Importer(2089858483,0ecaa5967403d082aa24f35e1b516d23)  -> (artifact id: '8474011a28caad24fd7f16a3dc73dee2') in 0.004102 seconds
Number of updated asset objects reloaded before import = 0
Number of asset objects unloaded after import = 1
========================================================================
Received Import Request.
  Time since last request: 0.000144 seconds.
  path: Assets/Animations/BGPurpleToBlue.anim
  artifactKey: Guid(6667f1b7683c8a7428d93538dfaf369c) Importer(2089858483,0ecaa5967403d082aa24f35e1b516d23)
Start importing Assets/Animations/BGPurpleToBlue.anim using Guid(6667f1b7683c8a7428d93538dfaf369c) Importer(2089858483,0ecaa5967403d082aa24f35e1b516d23)  -> (artifact id: '0c43cbfb9d4f152cb59baec1a0a734f5') in 0.005131 seconds
Number of updated asset objects reloaded before import = 0
Number of asset objects unloaded after import = 1
========================================================================
Received Import Request.
  Time since last request: 0.000098 seconds.
  path: Assets/Animations/GreenBG.controller
  artifactKey: Guid(30d04a9d03c37184aa767cfa66cc69ea) Importer(2089858483,0ecaa5967403d082aa24f35e1b516d23)
Start importing Assets/Animations/GreenBG.controller using Guid(30d04a9d03c37184aa767cfa66cc69ea) Importer(2089858483,0ecaa5967403d082aa24f35e1b516d23)  -> (artifact id: '596330d25c28cab0ccca511a45060807') in 0.004240 seconds
Number of updated asset objects reloaded before import = 0
Number of asset objects unloaded after import = 12
========================================================================
Received Import Request.
  Time since last request: 0.000075 seconds.
  path: Assets/Animations/VIdle.anim
  artifactKey: Guid(ceb822eac8e4b46478683972c8deeb8c) Importer(2089858483,0ecaa5967403d082aa24f35e1b516d23)
Start importing Assets/Animations/VIdle.anim using Guid(ceb822eac8e4b46478683972c8deeb8c) Importer(2089858483,0ecaa5967403d082aa24f35e1b516d23)  -> (artifact id: '22d5de5909296f1678db51edd89d43ca') in 0.004086 seconds
Number of updated asset objects reloaded before import = 0
Number of asset objects unloaded after import = 1
========================================================================
Received Import Request.
  Time since last request: 0.000097 seconds.
  path: Assets/Scenes/Game.unity
  artifactKey: Guid(0ea6692149ae6804eb60d16c272370be) Importer(2089858483,0ecaa5967403d082aa24f35e1b516d23)
Start importing Assets/Scenes/Game.unity using Guid(0ea6692149ae6804eb60d16c272370be) Importer(2089858483,0ecaa5967403d082aa24f35e1b516d23)  -> (artifact id: '0cc3be81f32d9f71aacfc857c99547f5') in 0.001351 seconds
Number of updated asset objects reloaded before import = 0
Number of asset objects unloaded after import = 1
========================================================================
Received Import Request.
  Time since last request: 0.000146 seconds.
  path: Assets/Prefabs/CIRCLEP.prefab
  artifactKey: Guid(8f11bd61cc94ab7448d3fc938ab5374e) Importer(2089858483,0ecaa5967403d082aa24f35e1b516d23)
Start importing Assets/Prefabs/CIRCLEP.prefab using Guid(8f11bd61cc94ab7448d3fc938ab5374e) Importer(2089858483,0ecaa5967403d082aa24f35e1b516d23)  -> (artifact id: 'c40fd20eb2759996920ac32d0d0ce4e3') in 0.011112 seconds
Number of updated asset objects reloaded before import = 0
Number of asset objects unloaded after import = 18
========================================================================
Received Import Request.
  Time since last request: 0.000055 seconds.
  path: Assets/Animations/CyanBGFade.anim
  artifactKey: Guid(bc5e4aa0860a749468c6dbacf3aedcec) Importer(2089858483,0ecaa5967403d082aa24f35e1b516d23)
Start importing Assets/Animations/CyanBGFade.anim using Guid(bc5e4aa0860a749468c6dbacf3aedcec) Importer(2089858483,0ecaa5967403d082aa24f35e1b516d23)  -> (artifact id: 'c2c90b973ca678223253b05fcf64fa83') in 0.005191 seconds
Number of updated asset objects reloaded before import = 0
Number of asset objects unloaded after import = 1
========================================================================
Received Import Request.
  Time since last request: 0.000129 seconds.
  path: Assets/Animations/LeftTab.controller
  artifactKey: Guid(65641c31e343fe2479598b995d7d4018) Importer(2089858483,0ecaa5967403d082aa24f35e1b516d23)
Start importing Assets/Animations/LeftTab.controller using Guid(65641c31e343fe2479598b995d7d4018) Importer(2089858483,0ecaa5967403d082aa24f35e1b516d23)  -> (artifact id: '4364dae71e4b9926adde6230bfc15955') in 0.004332 seconds
Number of updated asset objects reloaded before import = 0
Number of asset objects unloaded after import = 14
========================================================================
Received Import Request.
  Time since last request: 0.000083 seconds.
  path: Assets/Scenes/RedLvl.unity
  artifactKey: Guid(b2232724a68ed424388a3ce19645a510) Importer(2089858483,0ecaa5967403d082aa24f35e1b516d23)
Start importing Assets/Scenes/RedLvl.unity using Guid(b2232724a68ed424388a3ce19645a510) Importer(2089858483,0ecaa5967403d082aa24f35e1b516d23)  -> (artifact id: '23b3606ebe379aee85b251e21b6373ed') in 0.001577 seconds
Number of updated asset objects reloaded before import = 0
Number of asset objects unloaded after import = 1
========================================================================
Received Import Request.
  Time since last request: 0.000150 seconds.
  path: Assets/Animations/MagentaBGFade.anim
  artifactKey: Guid(60426675b4a8f404b99be3dddb99ac2e) Importer(2089858483,0ecaa5967403d082aa24f35e1b516d23)
Start importing Assets/Animations/MagentaBGFade.anim using Guid(60426675b4a8f404b99be3dddb99ac2e) Importer(2089858483,0ecaa5967403d082aa24f35e1b516d23)  -> (artifact id: '4c8d5f96a52f84e0c60c59f0ac918c1c') in 0.005418 seconds
Number of updated asset objects reloaded before import = 0
Number of asset objects unloaded after import = 1
========================================================================
Received Import Request.
  Time since last request: 0.000148 seconds.
  path: Assets/Sounds/Bass.wav
  artifactKey: Guid(205bdca09e4c87848aff27a6abc3bf49) Importer(2089858483,0ecaa5967403d082aa24f35e1b516d23)
Start importing Assets/Sounds/Bass.wav using Guid(205bdca09e4c87848aff27a6abc3bf49) Importer(2089858483,0ecaa5967403d082aa24f35e1b516d23)  -> (artifact id: 'e528e9e249d8897e3d9c00e8db338985') in 0.055237 seconds
Number of updated asset objects reloaded before import = 0
Number of asset objects unloaded after import = 1
========================================================================
Received Import Request.
  Time since last request: 0.000124 seconds.
  path: Assets/Animations/HSpinClockwise.anim
  artifactKey: Guid(42c27af2b15eea444ac828162aa81c56) Importer(2089858483,0ecaa5967403d082aa24f35e1b516d23)
Start importing Assets/Animations/HSpinClockwise.anim using Guid(42c27af2b15eea444ac828162aa81c56) Importer(2089858483,0ecaa5967403d082aa24f35e1b516d23)  -> (artifact id: 'd35dcb28a09358be6c32dd8eb33eacbc') in 0.004337 seconds
Number of updated asset objects reloaded before import = 0
Number of asset objects unloaded after import = 1
========================================================================
Received Import Request.
  Time since last request: 3.489415 seconds.
  path: Assets/Sounds/G.wav
  artifactKey: Guid(2c182bbecb8c7fa40abe2407a586d14d) Importer(2089858483,0ecaa5967403d082aa24f35e1b516d23)
Start importing Assets/Sounds/G.wav using Guid(2c182bbecb8c7fa40abe2407a586d14d) Importer(2089858483,0ecaa5967403d082aa24f35e1b516d23)  -> (artifact id: 'b7fa3995072588961cd68159880d6620') in 0.061025 seconds
Number of updated asset objects reloaded before import = 0
Number of asset objects unloaded after import = 1
========================================================================
Received Import Request.
  Time since last request: 0.000208 seconds.
  path: Assets/Scripts/Dispenser/v2WhiteDispenser.cs
  artifactKey: Guid(4c5d326d2399cb147a121db1450bf2b0) Importer(2089858483,0ecaa5967403d082aa24f35e1b516d23)
Start importing Assets/Scripts/Dispenser/v2WhiteDispenser.cs using Guid(4c5d326d2399cb147a121db1450bf2b0) Importer(2089858483,0ecaa5967403d082aa24f35e1b516d23)  -> (artifact id: '4ca44440695add1405e53b4287719882') in 0.002277 seconds
Number of updated asset objects reloaded before import = 0
Number of asset objects unloaded after import = 1
========================================================================
Received Import Request.
  Time since last request: 0.000153 seconds.
  path: Assets/Scripts/Tabs/LowerHUDTab.cs
  artifactKey: Guid(cb6cd05f0bfe6674086c04b5159b0a3d) Importer(2089858483,0ecaa5967403d082aa24f35e1b516d23)
Start importing Assets/Scripts/Tabs/LowerHUDTab.cs using Guid(cb6cd05f0bfe6674086c04b5159b0a3d) Importer(2089858483,0ecaa5967403d082aa24f35e1b516d23)  -> (artifact id: 'c84d96008bd749de13456af6264f18ae') in 0.002417 seconds
Number of updated asset objects reloaded before import = 0
Number of asset objects unloaded after import = 1
========================================================================
Received Import Request.
  Time since last request: 0.000107 seconds.
  path: Assets/Textures/Line.png
  artifactKey: Guid(3f8d8f3f4a9074746a58a17b3d243f32) Importer(2089858483,0ecaa5967403d082aa24f35e1b516d23)
Start importing Assets/Textures/Line.png using Guid(3f8d8f3f4a9074746a58a17b3d243f32) Importer(2089858483,0ecaa5967403d082aa24f35e1b516d23)  -> (artifact id: '1d17f653bd0070a735ae145f6415c383') in 0.059827 seconds
Number of updated asset objects reloaded before import = 0
Number of asset objects unloaded after import = 3
========================================================================
Received Import Request.
  Time since last request: 0.000092 seconds.
  path: Assets/Scenes/v3Levels/v2MENU.unity
  artifactKey: Guid(58466429b503d3d499e758b2293d8461) Importer(2089858483,0ecaa5967403d082aa24f35e1b516d23)
Start importing Assets/Scenes/v3Levels/v2MENU.unity using Guid(58466429b503d3d499e758b2293d8461) Importer(2089858483,0ecaa5967403d082aa24f35e1b516d23)  -> (artifact id: '974620dfee840fbc552f3101d2ad94c0') in 0.002976 seconds
Number of updated asset objects reloaded before import = 0
Number of asset objects unloaded after import = 1
========================================================================
Received Import Request.
  Time since last request: 0.000139 seconds.
  path: Assets/Textures/UpperTab.png
  artifactKey: Guid(f7dd9bf4b92609f4f90908df5bb209d9) Importer(2089858483,0ecaa5967403d082aa24f35e1b516d23)
Start importing Assets/Textures/UpperTab.png using Guid(f7dd9bf4b92609f4f90908df5bb209d9) Importer(2089858483,0ecaa5967403d082aa24f35e1b516d23)  -> (artifact id: '466cc988bed98da14efa118e507a3b31') in 0.018669 seconds
Number of updated asset objects reloaded before import = 0
Number of asset objects unloaded after import = 3
========================================================================
Received Import Request.
  Time since last request: 0.000091 seconds.
  path: Assets/Textures/WhiteBG.png
  artifactKey: Guid(d3539cef2337c644d871fa8cb5bfa77f) Importer(2089858483,0ecaa5967403d082aa24f35e1b516d23)
Start importing Assets/Textures/WhiteBG.png using Guid(d3539cef2337c644d871fa8cb5bfa77f) Importer(2089858483,0ecaa5967403d082aa24f35e1b516d23)  -> (artifact id: '3c37457f2afd5066021c907088b41e9f') in 0.019968 seconds
Number of updated asset objects reloaded before import = 0
Number of asset objects unloaded after import = 3
========================================================================
Received Import Request.
  Time since last request: 0.000069 seconds.
  path: Assets/Textures/LineProjectile1.png
  artifactKey: Guid(c45644638fcf85f4eafc22891bd88c03) Importer(2089858483,0ecaa5967403d082aa24f35e1b516d23)
Start importing Assets/Textures/LineProjectile1.png using Guid(c45644638fcf85f4eafc22891bd88c03) Importer(2089858483,0ecaa5967403d082aa24f35e1b516d23)  -> (artifact id: '7884dff3aa98cc8450f31b6add26c68d') in 0.022873 seconds
Number of updated asset objects reloaded before import = 0
Number of asset objects unloaded after import = 3
========================================================================
Received Import Request.
  Time since last request: 0.000064 seconds.
  path: Assets/Scripts/v3Scripts/InsaneDispenser.cs
  artifactKey: Guid(d3673e3eac92f405684de892890adfb5) Importer(2089858483,0ecaa5967403d082aa24f35e1b516d23)
Start importing Assets/Scripts/v3Scripts/InsaneDispenser.cs using Guid(d3673e3eac92f405684de892890adfb5) Importer(2089858483,0ecaa5967403d082aa24f35e1b516d23)  -> (artifact id: 'f650dd557eed8736e5b9a17e9c5f6bcb') in 0.003100 seconds
Number of updated asset objects reloaded before import = 0
Number of asset objects unloaded after import = 1
========================================================================
Received Import Request.
  Time since last request: 0.000138 seconds.
  path: Assets/Textures/Line8.png
  artifactKey: Guid(252c37a115222a14aa537f494e506e92) Importer(2089858483,0ecaa5967403d082aa24f35e1b516d23)
Start importing Assets/Textures/Line8.png using Guid(252c37a115222a14aa537f494e506e92) Importer(2089858483,0ecaa5967403d082aa24f35e1b516d23)  -> (artifact id: '0ba392b6b19bcaff0bd6e7e28e23b823') in 0.021245 seconds
Number of updated asset objects reloaded before import = 0
Number of asset objects unloaded after import = 3
========================================================================
Received Import Request.
  Time since last request: 0.000183 seconds.
  path: Assets/Scripts/v3Scripts/SuperInsaneDispenser.cs
  artifactKey: Guid(b096811ba20164fe586893754ccd3824) Importer(2089858483,0ecaa5967403d082aa24f35e1b516d23)
Start importing Assets/Scripts/v3Scripts/SuperInsaneDispenser.cs using Guid(b096811ba20164fe586893754ccd3824) Importer(2089858483,0ecaa5967403d082aa24f35e1b516d23)  -> (artifact id: '80c168beb133f7d8fca3f0358732b1d2') in 0.005570 seconds
Number of updated asset objects reloaded before import = 0
Number of asset objects unloaded after import = 1
========================================================================
Received Import Request.
  Time since last request: 0.000187 seconds.
  path: Assets/Scenes/v1Levels/RedLvl.unity
  artifactKey: Guid(ddc705da3471a704780a9a9bd2e6f65f) Importer(2089858483,0ecaa5967403d082aa24f35e1b516d23)
Start importing Assets/Scenes/v1Levels/RedLvl.unity using Guid(ddc705da3471a704780a9a9bd2e6f65f) Importer(2089858483,0ecaa5967403d082aa24f35e1b516d23)  -> (artifact id: '9c64aa58497c6f9e8af8e1d4cc074fc8') in 0.002868 seconds
Number of updated asset objects reloaded before import = 0
Number of asset objects unloaded after import = 1
========================================================================
Received Import Request.
  Time since last request: 0.000130 seconds.
  path: Assets/Scenes/v3Levels/v3INSANE.unity
  artifactKey: Guid(5e6cfad12b6ff4623ad04c1600aed162) Importer(2089858483,0ecaa5967403d082aa24f35e1b516d23)
Start importing Assets/Scenes/v3Levels/v3INSANE.unity using Guid(5e6cfad12b6ff4623ad04c1600aed162) Importer(2089858483,0ecaa5967403d082aa24f35e1b516d23)  -> (artifact id: '8fb7861ac292f3cd681efc24b6a64fae') in 0.002243 seconds
Number of updated asset objects reloaded before import = 0
Number of asset objects unloaded after import = 1
========================================================================
Received Import Request.
  Time since last request: 0.000158 seconds.
  path: Assets/Textures/Line10.png
  artifactKey: Guid(4881d4e6ede2db049abe1fa003f09660) Importer(2089858483,0ecaa5967403d082aa24f35e1b516d23)
Start importing Assets/Textures/Line10.png using Guid(4881d4e6ede2db049abe1fa003f09660) Importer(2089858483,0ecaa5967403d082aa24f35e1b516d23)  -> (artifact id: '91b988843b95d6cd5073300446ed59a3') in 0.022315 seconds
Number of updated asset objects reloaded before import = 0
Number of asset objects unloaded after import = 3
========================================================================
Received Import Request.
  Time since last request: 0.000153 seconds.
  path: Assets/Scenes/v1Levels/PurpleLevel.unity
  artifactKey: Guid(e9445f1190d5b2c4cb85a9d2706f9fbe) Importer(2089858483,0ecaa5967403d082aa24f35e1b516d23)
Start importing Assets/Scenes/v1Levels/PurpleLevel.unity using Guid(e9445f1190d5b2c4cb85a9d2706f9fbe) Importer(2089858483,0ecaa5967403d082aa24f35e1b516d23)  -> (artifact id: '5e7118ec8a5eba88b02067cff68009c2') in 0.002355 seconds
Number of updated asset objects reloaded before import = 0
Number of asset objects unloaded after import = 1
========================================================================
Received Import Request.
  Time since last request: 0.000259 seconds.
  path: Assets/Textures/Diagoline2.png
  artifactKey: Guid(de55222be0993c543b888839e726f0bc) Importer(2089858483,0ecaa5967403d082aa24f35e1b516d23)
Start importing Assets/Textures/Diagoline2.png using Guid(de55222be0993c543b888839e726f0bc) Importer(2089858483,0ecaa5967403d082aa24f35e1b516d23)  -> (artifact id: '52c94995b0d309e84e4f02c200b09350') in 0.027268 seconds
Number of updated asset objects reloaded before import = 0
Number of asset objects unloaded after import = 3
========================================================================
Received Import Request.
  Time since last request: 0.000139 seconds.
  path: Assets/Scenes/v3Levels/v3SUPERINSANE.unity
  artifactKey: Guid(bcb956107eb6f419a9b4aa8a710feeec) Importer(2089858483,0ecaa5967403d082aa24f35e1b516d23)
Start importing Assets/Scenes/v3Levels/v3SUPERINSANE.unity using Guid(bcb956107eb6f419a9b4aa8a710feeec) Importer(2089858483,0ecaa5967403d082aa24f35e1b516d23)  -> (artifact id: '6ea7b89680c898521d73fb3739c380f8') in 0.003878 seconds
Number of updated asset objects reloaded before import = 0
Number of asset objects unloaded after import = 1
========================================================================
Received Import Request.
  Time since last request: 0.000236 seconds.
  path: Assets/Textures/Resources/Line2White.png
  artifactKey: Guid(7a3daed090b511046b29eadc2f96db0b) Importer(2089858483,0ecaa5967403d082aa24f35e1b516d23)
Start importing Assets/Textures/Resources/Line2White.png using Guid(7a3daed090b511046b29eadc2f96db0b) Importer(2089858483,0ecaa5967403d082aa24f35e1b516d23)  -> (artifact id: '7a07661bbbd34a6caecff1ce7d05a7e3') in 0.022348 seconds
Number of updated asset objects reloaded before import = 0
Number of asset objects unloaded after import = 3
========================================================================
Received Import Request.
  Time since last request: 0.000109 seconds.
  path: Assets/Scenes/v1Levels/Game.unity
  artifactKey: Guid(3e53bf4c33dea2d44b991a1b57c3a7e0) Importer(2089858483,0ecaa5967403d082aa24f35e1b516d23)
Start importing Assets/Scenes/v1Levels/Game.unity using Guid(3e53bf4c33dea2d44b991a1b57c3a7e0) Importer(2089858483,0ecaa5967403d082aa24f35e1b516d23)  -> (artifact id: '3f79bd8e2486d2f2ac4983a92526fcc9') in 0.002005 seconds
Number of updated asset objects reloaded before import = 0
Number of asset objects unloaded after import = 1
========================================================================
Received Import Request.
  Time since last request: 0.000117 seconds.
  path: Assets/Scripts/Dispenser/v2PairsDispenser.cs
  artifactKey: Guid(4c03bcc847988f94b8e6a5b0b0769eb2) Importer(2089858483,0ecaa5967403d082aa24f35e1b516d23)
Start importing Assets/Scripts/Dispenser/v2PairsDispenser.cs using Guid(4c03bcc847988f94b8e6a5b0b0769eb2) Importer(2089858483,0ecaa5967403d082aa24f35e1b516d23)  -> (artifact id: '286fa52d0b917ce938da11178f3677fb') in 0.003763 seconds
Number of updated asset objects reloaded before import = 0
Number of asset objects unloaded after import = 1
========================================================================
Received Import Request.
  Time since last request: 0.000160 seconds.
  path: Assets/Scripts/Dispenser/ProjectileDispenser.cs
  artifactKey: Guid(b06b9fbf2a72c0b4eb01ab6134e08d5d) Importer(2089858483,0ecaa5967403d082aa24f35e1b516d23)
Start importing Assets/Scripts/Dispenser/ProjectileDispenser.cs using Guid(b06b9fbf2a72c0b4eb01ab6134e08d5d) Importer(2089858483,0ecaa5967403d082aa24f35e1b516d23)  -> (artifact id: '77591e427357762a47b8951cd2e4c415') in 0.004301 seconds
Number of updated asset objects reloaded before import = 0
Number of asset objects unloaded after import = 1
========================================================================
Received Import Request.
  Time since last request: 0.000112 seconds.
  path: Assets/Textures/BlackBorderLine.png
  artifactKey: Guid(b38562c0bd693dd46ac49edacc3a71fc) Importer(2089858483,0ecaa5967403d082aa24f35e1b516d23)
Start importing Assets/Textures/BlackBorderLine.png using Guid(b38562c0bd693dd46ac49edacc3a71fc) Importer(2089858483,0ecaa5967403d082aa24f35e1b516d23)  -> (artifact id: '3d4f1bd1a862922d1fca69c529b6414e') in 0.022580 seconds
Number of updated asset objects reloaded before import = 0
Number of asset objects unloaded after import = 3
========================================================================
Received Import Request.
  Time since last request: 0.000065 seconds.
  path: Assets/Scenes/v1Levels/BlueLevel.unity
  artifactKey: Guid(79e98419cb9d02049b7cd467fb88ad13) Importer(2089858483,0ecaa5967403d082aa24f35e1b516d23)
Start importing Assets/Scenes/v1Levels/BlueLevel.unity using Guid(79e98419cb9d02049b7cd467fb88ad13) Importer(2089858483,0ecaa5967403d082aa24f35e1b516d23)  -> (artifact id: '623b3f09de4ed86871171cd790456d7e') in 0.002399 seconds
Number of updated asset objects reloaded before import = 0
Number of asset objects unloaded after import = 1
========================================================================
Received Import Request.
  Time since last request: 0.000111 seconds.
  path: Assets/Scripts/v3Scripts/v2Menu.cs
  artifactKey: Guid(40e0843f3fa96c94b8d42fb62b2c4c62) Importer(2089858483,0ecaa5967403d082aa24f35e1b516d23)
Start importing Assets/Scripts/v3Scripts/v2Menu.cs using Guid(40e0843f3fa96c94b8d42fb62b2c4c62) Importer(2089858483,0ecaa5967403d082aa24f35e1b516d23)  -> (artifact id: 'b799eaef096a98526ca99865ed6e3d0b') in 0.003874 seconds
Number of updated asset objects reloaded before import = 0
Number of asset objects unloaded after import = 1
========================================================================
Received Import Request.
  Time since last request: 0.000142 seconds.
  path: Assets/Scripts/Dispenser/v3PairsDispenser.cs
  artifactKey: Guid(f9148007a34c3144398081dcc1989759) Importer(2089858483,0ecaa5967403d082aa24f35e1b516d23)
Start importing Assets/Scripts/Dispenser/v3PairsDispenser.cs using Guid(f9148007a34c3144398081dcc1989759) Importer(2089858483,0ecaa5967403d082aa24f35e1b516d23)  -> (artifact id: 'fab2cc26e555b7d64b11c92bfa5a14ef') in 0.003211 seconds
Number of updated asset objects reloaded before import = 0
Number of asset objects unloaded after import = 1
========================================================================
Received Import Request.
  Time since last request: 0.000137 seconds.
  path: Assets/Textures/Projectile.png
  artifactKey: Guid(74af9212afbacde4eaccacb757733c50) Importer(2089858483,0ecaa5967403d082aa24f35e1b516d23)
Start importing Assets/Textures/Projectile.png using Guid(74af9212afbacde4eaccacb757733c50) Importer(2089858483,0ecaa5967403d082aa24f35e1b516d23)  -> (artifact id: 'ad8a52baea7a618560b2e714fcc53d81') in 0.025382 seconds
Number of updated asset objects reloaded before import = 0
Number of asset objects unloaded after import = 3
========================================================================
Received Import Request.
  Time since last request: 0.000085 seconds.
  path: Assets/Textures/WhiteBG2.png
  artifactKey: Guid(1e562dc8d03f8c7449f7ecf3bd978ce2) Importer(2089858483,0ecaa5967403d082aa24f35e1b516d23)
Start importing Assets/Textures/WhiteBG2.png using Guid(1e562dc8d03f8c7449f7ecf3bd978ce2) Importer(2089858483,0ecaa5967403d082aa24f35e1b516d23)  -> (artifact id: 'a4bf9d27d8a4342cccdec10c4b8da6d4') in 0.023525 seconds
Number of updated asset objects reloaded before import = 0
Number of asset objects unloaded after import = 3
========================================================================
Received Prepare
Refreshing native plugins compatible for Editor in 0.00 ms, found 0 plugins.
Preloading 0 native plugins for Editor in 0.00 ms.
Unloading 0 Unused Serialized files (Serialized files now loaded: 0)
Unloading 1 unused Assets / (0.8 KB). Loaded Objects now: 509.
Memory consumption went from 49.4 MB to 49.4 MB.
Total: 3.619287 ms (FindLiveObjects: 0.044223 ms CreateObjectMapping: 0.013643 ms MarkObjects: 3.542292 ms  DeleteObjects: 0.017900 ms)

Prepare: number of updated asset objects reloaded= 0
AssetImportParameters requested are different than current active one (requested -> active):
  custom:video-decoder-ogg-theora: a1e56fd34408186e4bbccfd4996cb3dc -> 
  custom:container-muxer-webm: aa71ff27fc2769a1b78a27578f13a17b -> 
  custom:container-demuxer-webm: 4f35f7cbe854078d1ac9338744f61a02 -> 
  custom:video-encoder-webm-vp8: eb34c28f22e8b96e1ab97ce403110664 -> 
  custom:framework-osx-AVFoundation: e770b220cccbd017edd2c1fefb359320 -> 
  custom:CustomObjectIndexerAttribute: 756ad292c208cfabdd7b50bc23989ffe -> 
  custom:audio-encoder-webm-vorbis: bf7c407c2cedff20999df2af8eb42d56 -> 
  custom:SearchIndexIgnoredProperties: e643bd26f0fe6173181afceb89e7c659 -> 
  custom:container-demuxer-ogg: 62fdf1f143b41e24485cea50d1cbac27 -> 
  custom:video-decoder-webm-vp8: 9c59270c3fd7afecdb556c50c9e8de78 -> 
  custom:audio-decoder-ogg-vorbis: bf7c407c2cedff20999df2af8eb42d56 -> 
  custom:AudioImporter_EditorPlatform: 3918e3fc78b5a79bad01e8451be0beb8 -> 
========================================================================
Received Prepare
Begin MonoManager ReloadAssembly
- Loaded All Assemblies, in  0.367 seconds
Refreshing native plugins compatible for Editor in 0.00 ms, found 0 plugins.
Native extension for OSXStandalone target not found
Mono: successfully reloaded assembly
- Finished resetting the current domain, in  0.333 seconds
Domain Reload Profiling: 700ms
	BeginReloadAssembly (132ms)
		ExecutionOrderSort (0ms)
		DisableScriptedObjects (6ms)
		BackupInstance (0ms)
		ReleaseScriptingObjects (0ms)
		CreateAndSetChildDomain (35ms)
	RebuildCommonClasses (43ms)
	RebuildNativeTypeToScriptingClass (13ms)
	initialDomainReloadingComplete (22ms)
	LoadAllAssembliesAndSetupDomain (158ms)
		LoadAssemblies (65ms)
		RebuildTransferFunctionScriptingTraits (0ms)
		AnalyzeDomain (155ms)
			TypeCache.Refresh (154ms)
				TypeCache.ScanAssembly (145ms)
			ScanForSourceGeneratedMonoScriptInfo (1ms)
			ResolveRequiredComponents (1ms)
	FinalizeReload (333ms)
		ReleaseScriptCaches (0ms)
		RebuildScriptCaches (0ms)
		SetupLoadedEditorAssemblies (188ms)
			LogAssemblyErrors (0ms)
			InitializePlatformSupportModulesInManaged (4ms)
			SetLoadedEditorAssemblies (6ms)
			RefreshPlugins (0ms)
			BeforeProcessingInitializeOnLoad (23ms)
			ProcessInitializeOnLoadAttributes (132ms)
			ProcessInitializeOnLoadMethodAttributes (21ms)
			AfterProcessingInitializeOnLoad (1ms)
			EditorAssembliesLoaded (0ms)
		ExecutionOrderSort2 (0ms)
		AwakeInstancesAfterBackupRestoration (4ms)
Refreshing native plugins compatible for Editor in 0.00 ms, found 0 plugins.
Preloading 0 native plugins for Editor in 0.00 ms.
Unloading 32 Unused Serialized files (Serialized files now loaded: 0)
Unloading 2 unused Assets / (23.2 KB). Loaded Objects now: 508.
Memory consumption went from 52.4 MB to 52.3 MB.
Total: 2.164512 ms (FindLiveObjects: 0.031780 ms CreateObjectMapping: 0.003122 ms MarkObjects: 2.113539 ms  DeleteObjects: 0.015427 ms)

Prepare: number of updated asset objects reloaded= 0
AssetImportParameters requested are different than current active one (requested -> active):
  custom:container-muxer-webm: aa71ff27fc2769a1b78a27578f13a17b -> 
  custom:video-encoder-webm-vp8: eb34c28f22e8b96e1ab97ce403110664 -> 
  custom:framework-osx-AVFoundation: e770b220cccbd017edd2c1fefb359320 -> 
  custom:audio-encoder-webm-vorbis: bf7c407c2cedff20999df2af8eb42d56 -> 
  custom:container-demuxer-ogg: 62fdf1f143b41e24485cea50d1cbac27 -> 
  custom:video-decoder-webm-vp8: 9c59270c3fd7afecdb556c50c9e8de78 -> 
  custom:audio-decoder-ogg-vorbis: bf7c407c2cedff20999df2af8eb42d56 -> 
  custom:AudioImporter_EditorPlatform: 3918e3fc78b5a79bad01e8451be0beb8 -> 
  custom:video-decoder-ogg-theora: a1e56fd34408186e4bbccfd4996cb3dc -> 
  custom:container-demuxer-webm: 4f35f7cbe854078d1ac9338744f61a02 -> 
  custom:CustomObjectIndexerAttribute: 756ad292c208cfabdd7b50bc23989ffe -> 
  custom:SearchIndexIgnoredProperties: e643bd26f0fe6173181afceb89e7c659 -> 
